{"C:\\Users\\david\\Downloads\\vizaro pro\\-vizzaro-wallpaper\\api\\orders\\list.js": {"path":"C:\\Users\\david\\Downloads\\vizaro pro\\-vizzaro-wallpaper\\api\\orders\\list.js","statementMap":{"0":{"start":{"line":6,"column":4},"end":{"line":6,"column":29}},"1":{"start":{"line":8,"column":4},"end":{"line":8,"column":44}},"2":{"start":{"line":8,"column":37},"end":{"line":8,"column":44}},"3":{"start":{"line":10,"column":4},"end":{"line":12,"column":5}},"4":{"start":{"line":11,"column":8},"end":{"line":11,"column":85}},"5":{"start":{"line":15,"column":22},"end":{"line":15,"column":44}},"6":{"start":{"line":16,"column":4},"end":{"line":16,"column":27}},"7":{"start":{"line":16,"column":20},"end":{"line":16,"column":27}},"8":{"start":{"line":18,"column":4},"end":{"line":78,"column":5}},"9":{"start":{"line":19,"column":8},"end":{"line":21,"column":9}},"10":{"start":{"line":20,"column":12},"end":{"line":20,"column":56}},"11":{"start":{"line":24,"column":29},"end":{"line":26,"column":10}},"12":{"start":{"line":28,"column":8},"end":{"line":28,"column":76}},"13":{"start":{"line":28,"column":30},"end":{"line":28,"column":76}},"14":{"start":{"line":30,"column":37},"end":{"line":30,"column":62}},"15":{"start":{"line":32,"column":8},"end":{"line":34,"column":9}},"16":{"start":{"line":33,"column":12},"end":{"line":33,"column":71}},"17":{"start":{"line":44,"column":32},"end":{"line":48,"column":10}},"18":{"start":{"line":47,"column":64},"end":{"line":47,"column":77}},"19":{"start":{"line":50,"column":8},"end":{"line":50,"column":82}},"20":{"start":{"line":50,"column":33},"end":{"line":50,"column":82}},"21":{"start":{"line":52,"column":39},"end":{"line":52,"column":67}},"22":{"start":{"line":55,"column":23},"end":{"line":64,"column":44}},"23":{"start":{"line":56,"column":28},"end":{"line":56,"column":41}},"24":{"start":{"line":58,"column":16},"end":{"line":62,"column":17}},"25":{"start":{"line":59,"column":20},"end":{"line":59,"column":78}},"26":{"start":{"line":61,"column":20},"end":{"line":61,"column":32}},"27":{"start":{"line":64,"column":29},"end":{"line":64,"column":43}},"28":{"start":{"line":67,"column":8},"end":{"line":67,"column":77}},"29":{"start":{"line":67,"column":30},"end":{"line":67,"column":75}},"30":{"start":{"line":69,"column":8},"end":{"line":69,"column":63}},"31":{"start":{"line":72,"column":8},"end":{"line":72,"column":54}},"32":{"start":{"line":73,"column":8},"end":{"line":77,"column":11}}},"fnMap":{"0":{"name":"handler","decl":{"start":{"line":5,"column":30},"end":{"line":5,"column":37}},"loc":{"start":{"line":5,"column":48},"end":{"line":79,"column":1}},"line":5},"1":{"name":"(anonymous_1)","decl":{"start":{"line":47,"column":58},"end":{"line":47,"column":59}},"loc":{"start":{"line":47,"column":64},"end":{"line":47,"column":77}},"line":47},"2":{"name":"(anonymous_2)","decl":{"start":{"line":56,"column":20},"end":{"line":56,"column":21}},"loc":{"start":{"line":56,"column":28},"end":{"line":56,"column":41}},"line":56},"3":{"name":"(anonymous_3)","decl":{"start":{"line":57,"column":17},"end":{"line":57,"column":18}},"loc":{"start":{"line":57,"column":25},"end":{"line":63,"column":13}},"line":57},"4":{"name":"(anonymous_4)","decl":{"start":{"line":64,"column":20},"end":{"line":64,"column":21}},"loc":{"start":{"line":64,"column":29},"end":{"line":64,"column":43}},"line":64},"5":{"name":"(anonymous_5)","decl":{"start":{"line":67,"column":20},"end":{"line":67,"column":21}},"loc":{"start":{"line":67,"column":30},"end":{"line":67,"column":75}},"line":67}},"branchMap":{"0":{"loc":{"start":{"line":8,"column":4},"end":{"line":8,"column":44}},"type":"if","locations":[{"start":{"line":8,"column":4},"end":{"line":8,"column":44}},{"start":{},"end":{}}],"line":8},"1":{"loc":{"start":{"line":10,"column":4},"end":{"line":12,"column":5}},"type":"if","locations":[{"start":{"line":10,"column":4},"end":{"line":12,"column":5}},{"start":{},"end":{}}],"line":10},"2":{"loc":{"start":{"line":16,"column":4},"end":{"line":16,"column":27}},"type":"if","locations":[{"start":{"line":16,"column":4},"end":{"line":16,"column":27}},{"start":{},"end":{}}],"line":16},"3":{"loc":{"start":{"line":19,"column":8},"end":{"line":21,"column":9}},"type":"if","locations":[{"start":{"line":19,"column":8},"end":{"line":21,"column":9}},{"start":{},"end":{}}],"line":19},"4":{"loc":{"start":{"line":19,"column":12},"end":{"line":19,"column":50}},"type":"binary-expr","locations":[{"start":{"line":19,"column":12},"end":{"line":19,"column":28}},{"start":{"line":19,"column":32},"end":{"line":19,"column":50}}],"line":19},"5":{"loc":{"start":{"line":28,"column":8},"end":{"line":28,"column":76}},"type":"if","locations":[{"start":{"line":28,"column":8},"end":{"line":28,"column":76}},{"start":{},"end":{}}],"line":28},"6":{"loc":{"start":{"line":32,"column":8},"end":{"line":34,"column":9}},"type":"if","locations":[{"start":{"line":32,"column":8},"end":{"line":34,"column":9}},{"start":{},"end":{}}],"line":32},"7":{"loc":{"start":{"line":32,"column":12},"end":{"line":32,"column":46}},"type":"binary-expr","locations":[{"start":{"line":32,"column":12},"end":{"line":32,"column":21}},{"start":{"line":32,"column":25},"end":{"line":32,"column":46}}],"line":32},"8":{"loc":{"start":{"line":50,"column":8},"end":{"line":50,"column":82}},"type":"if","locations":[{"start":{"line":50,"column":8},"end":{"line":50,"column":82}},{"start":{},"end":{}}],"line":50},"9":{"loc":{"start":{"line":59,"column":27},"end":{"line":59,"column":77}},"type":"cond-expr","locations":[{"start":{"line":59,"column":54},"end":{"line":59,"column":70}},{"start":{"line":59,"column":73},"end":{"line":59,"column":77}}],"line":59},"10":{"loc":{"start":{"line":76,"column":21},"end":{"line":76,"column":87}},"type":"cond-expr","locations":[{"start":{"line":76,"column":62},"end":{"line":76,"column":75}},{"start":{"line":76,"column":78},"end":{"line":76,"column":87}}],"line":76}},"s":{"0":4,"1":4,"2":0,"3":4,"4":1,"5":3,"6":3,"7":1,"8":2,"9":2,"10":0,"11":2,"12":2,"13":0,"14":2,"15":2,"16":1,"17":1,"18":2,"19":1,"20":0,"21":1,"22":1,"23":2,"24":2,"25":2,"26":0,"27":2,"28":1,"29":1,"30":1,"31":0,"32":0},"f":{"0":4,"1":2,"2":2,"3":2,"4":2,"5":1},"b":{"0":[0,4],"1":[1,3],"2":[1,2],"3":[0,2],"4":[2,2],"5":[0,2],"6":[1,1],"7":[2,2],"8":[0,1],"9":[0,2],"10":[0,0]},"_coverageSchema":"1a1c01bbd47fc00a2c39e90264f33305004495a9","hash":"f9e466a83508084f1a5c3c4b20cf30fce2335029"}
,"C:\\Users\\david\\Downloads\\vizaro pro\\-vizzaro-wallpaper\\components\\WallpaperCard.tsx": {"path":"C:\\Users\\david\\Downloads\\vizaro pro\\-vizzaro-wallpaper\\components\\WallpaperCard.tsx","statementMap":{"0":{"start":{"line":12,"column":29},"end":{"line":33,"column":1}},"1":{"start":{"line":13,"column":4},"end":{"line":32,"column":6}},"2":{"start":{"line":16,"column":27},"end":{"line":16,"column":40}},"3":{"start":{"line":35,"column":15},"end":{"line":70,"column":2}}},"fnMap":{"0":{"name":"(anonymous_0)","decl":{"start":{"line":12,"column":29},"end":{"line":12,"column":30}},"loc":{"start":{"line":12,"column":79},"end":{"line":33,"column":1}},"line":12},"1":{"name":"(anonymous_1)","decl":{"start":{"line":16,"column":21},"end":{"line":16,"column":22}},"loc":{"start":{"line":16,"column":27},"end":{"line":16,"column":40}},"line":16}},"branchMap":{"0":{"loc":{"start":{"line":20,"column":35},"end":{"line":20,"column":71}},"type":"binary-expr","locations":[{"start":{"line":20,"column":35},"end":{"line":20,"column":54}},{"start":{"line":20,"column":58},"end":{"line":20,"column":71}}],"line":20}},"s":{"0":1,"1":2,"2":1,"3":1},"f":{"0":2,"1":1},"b":{"0":[2,2]},"_coverageSchema":"1a1c01bbd47fc00a2c39e90264f33305004495a9","hash":"7223944351dcd3898ca616e653e49bab62f35ba8"}
,"C:\\Users\\david\\Downloads\\vizaro pro\\-vizzaro-wallpaper\\constants\\colors.ts": {"path":"C:\\Users\\david\\Downloads\\vizaro pro\\-vizzaro-wallpaper\\constants\\colors.ts","statementMap":{"0":{"start":{"line":1,"column":16},"end":{"line":1,"column":25}},"1":{"start":{"line":2,"column":18},"end":{"line":2,"column":27}},"2":{"start":{"line":3,"column":15},"end":{"line":3,"column":24}},"3":{"start":{"line":4,"column":14},"end":{"line":4,"column":23}},"4":{"start":{"line":5,"column":18},"end":{"line":5,"column":27}}},"fnMap":{},"branchMap":{},"s":{"0":1,"1":1,"2":1,"3":1,"4":1},"f":{},"b":{},"_coverageSchema":"1a1c01bbd47fc00a2c39e90264f33305004495a9","hash":"7306d066ce511c814ca627879507deca62e5657f"}
,"C:\\Users\\david\\Downloads\\vizaro pro\\-vizzaro-wallpaper\\constants\\wallpapers.ts": {"path":"C:\\Users\\david\\Downloads\\vizaro pro\\-vizzaro-wallpaper\\constants\\wallpapers.ts","statementMap":{"0":{"start":{"line":29,"column":39},"end":{"line":280,"column":1}},"1":{"start":{"line":283,"column":22},"end":{"line":283,"column":39}},"2":{"start":{"line":284,"column":2},"end":{"line":288,"column":5}},"3":{"start":{"line":285,"column":4},"end":{"line":287,"column":5}},"4":{"start":{"line":286,"column":6},"end":{"line":286,"column":34}},"5":{"start":{"line":289,"column":2},"end":{"line":289,"column":54}},"6":{"start":{"line":293,"column":19},"end":{"line":293,"column":36}},"7":{"start":{"line":294,"column":2},"end":{"line":298,"column":5}},"8":{"start":{"line":295,"column":4},"end":{"line":297,"column":5}},"9":{"start":{"line":296,"column":6},"end":{"line":296,"column":28}},"10":{"start":{"line":299,"column":2},"end":{"line":299,"column":51}},"11":{"start":{"line":303,"column":19},"end":{"line":303,"column":36}},"12":{"start":{"line":304,"column":2},"end":{"line":308,"column":5}},"13":{"start":{"line":305,"column":4},"end":{"line":307,"column":5}},"14":{"start":{"line":306,"column":6},"end":{"line":306,"column":53}},"15":{"start":{"line":306,"column":32},"end":{"line":306,"column":51}},"16":{"start":{"line":309,"column":2},"end":{"line":309,"column":51}},"17":{"start":{"line":312,"column":26},"end":{"line":319,"column":1}},"18":{"start":{"line":321,"column":22},"end":{"line":327,"column":1}},"19":{"start":{"line":329,"column":22},"end":{"line":339,"column":1}}},"fnMap":{"0":{"name":"getCategoriesFromWallpapers","decl":{"start":{"line":282,"column":16},"end":{"line":282,"column":43}},"loc":{"start":{"line":282,"column":82},"end":{"line":290,"column":1}},"line":282},"1":{"name":"(anonymous_1)","decl":{"start":{"line":284,"column":24},"end":{"line":284,"column":25}},"loc":{"start":{"line":284,"column":29},"end":{"line":288,"column":3}},"line":284},"2":{"name":"getStylesFromWallpapers","decl":{"start":{"line":292,"column":16},"end":{"line":292,"column":39}},"loc":{"start":{"line":292,"column":78},"end":{"line":300,"column":1}},"line":292},"3":{"name":"(anonymous_3)","decl":{"start":{"line":294,"column":24},"end":{"line":294,"column":25}},"loc":{"start":{"line":294,"column":29},"end":{"line":298,"column":3}},"line":294},"4":{"name":"getColorsFromWallpapers","decl":{"start":{"line":302,"column":16},"end":{"line":302,"column":39}},"loc":{"start":{"line":302,"column":78},"end":{"line":310,"column":1}},"line":302},"5":{"name":"(anonymous_5)","decl":{"start":{"line":304,"column":24},"end":{"line":304,"column":25}},"loc":{"start":{"line":304,"column":29},"end":{"line":308,"column":3}},"line":304},"6":{"name":"(anonymous_6)","decl":{"start":{"line":306,"column":23},"end":{"line":306,"column":24}},"loc":{"start":{"line":306,"column":32},"end":{"line":306,"column":51}},"line":306}},"branchMap":{"0":{"loc":{"start":{"line":285,"column":4},"end":{"line":287,"column":5}},"type":"if","locations":[{"start":{"line":285,"column":4},"end":{"line":287,"column":5}},{"start":{},"end":{}}],"line":285},"1":{"loc":{"start":{"line":295,"column":4},"end":{"line":297,"column":5}},"type":"if","locations":[{"start":{"line":295,"column":4},"end":{"line":297,"column":5}},{"start":{},"end":{}}],"line":295},"2":{"loc":{"start":{"line":305,"column":4},"end":{"line":307,"column":5}},"type":"if","locations":[{"start":{"line":305,"column":4},"end":{"line":307,"column":5}},{"start":{},"end":{}}],"line":305},"3":{"loc":{"start":{"line":305,"column":8},"end":{"line":305,"column":43}},"type":"binary-expr","locations":[{"start":{"line":305,"column":8},"end":{"line":305,"column":16}},{"start":{"line":305,"column":20},"end":{"line":305,"column":43}}],"line":305}},"s":{"0":1,"1":0,"2":0,"3":0,"4":0,"5":0,"6":0,"7":0,"8":0,"9":0,"10":0,"11":0,"12":0,"13":0,"14":0,"15":0,"16":0,"17":1,"18":1,"19":1},"f":{"0":0,"1":0,"2":0,"3":0,"4":0,"5":0,"6":0},"b":{"0":[0,0],"1":[0,0],"2":[0,0],"3":[0,0]},"_coverageSchema":"1a1c01bbd47fc00a2c39e90264f33305004495a9","hash":"282d97ee659c54c1b6afab132a4805788ef599b1"}
,"C:\\Users\\david\\Downloads\\vizaro pro\\-vizzaro-wallpaper\\contexts\\AuthContext.tsx": {"path":"C:\\Users\\david\\Downloads\\vizaro pro\\-vizzaro-wallpaper\\contexts\\AuthContext.tsx","statementMap":{"0":{"start":{"line":29,"column":23},"end":{"line":29,"column":36}},"1":{"start":{"line":30,"column":22},"end":{"line":30,"column":34}},"2":{"start":{"line":33,"column":2},"end":{"line":36,"column":3}},"3":{"start":{"line":34,"column":16},"end":{"line":34,"column":47}},"4":{"start":{"line":35,"column":4},"end":{"line":35,"column":54}},"5":{"start":{"line":38,"column":2},"end":{"line":40,"column":3}},"6":{"start":{"line":39,"column":4},"end":{"line":39,"column":34}},"7":{"start":{"line":42,"column":2},"end":{"line":42,"column":44}},"8":{"start":{"line":46,"column":2},"end":{"line":49,"column":4}},"9":{"start":{"line":52,"column":33},"end":{"line":54,"column":1}},"10":{"start":{"line":53,"column":2},"end":{"line":53,"column":64}},"11":{"start":{"line":56,"column":30},"end":{"line":89,"column":1}},"12":{"start":{"line":57,"column":2},"end":{"line":88,"column":3}},"13":{"start":{"line":58,"column":20},"end":{"line":58,"column":35}},"14":{"start":{"line":59,"column":19},"end":{"line":59,"column":53}},"15":{"start":{"line":61,"column":4},"end":{"line":61,"column":50}},"16":{"start":{"line":62,"column":4},"end":{"line":62,"column":35}},"17":{"start":{"line":64,"column":21},"end":{"line":73,"column":6}},"18":{"start":{"line":75,"column":4},"end":{"line":79,"column":5}},"19":{"start":{"line":76,"column":24},"end":{"line":76,"column":87}},"20":{"start":{"line":76,"column":59},"end":{"line":76,"column":85}},"21":{"start":{"line":77,"column":6},"end":{"line":77,"column":69}},"22":{"start":{"line":78,"column":6},"end":{"line":78,"column":69}},"23":{"start":{"line":81,"column":25},"end":{"line":81,"column":46}},"24":{"start":{"line":82,"column":4},"end":{"line":82,"column":53}},"25":{"start":{"line":83,"column":4},"end":{"line":83,"column":61}},"26":{"start":{"line":85,"column":4},"end":{"line":85,"column":52}},"27":{"start":{"line":86,"column":4},"end":{"line":86,"column":63}},"28":{"start":{"line":87,"column":4},"end":{"line":87,"column":16}},"29":{"start":{"line":91,"column":39},"end":{"line":377,"column":2}},"30":{"start":{"line":92,"column":36},"end":{"line":98,"column":4}},"31":{"start":{"line":100,"column":56},"end":{"line":100,"column":98}},"32":{"start":{"line":102,"column":2},"end":{"line":104,"column":9}},"33":{"start":{"line":103,"column":4},"end":{"line":103,"column":19}},"34":{"start":{"line":106,"column":23},"end":{"line":142,"column":3}},"35":{"start":{"line":107,"column":4},"end":{"line":141,"column":5}},"36":{"start":{"line":108,"column":36},"end":{"line":111,"column":8}},"37":{"start":{"line":113,"column":6},"end":{"line":131,"column":7}},"38":{"start":{"line":114,"column":22},"end":{"line":114,"column":31}},"39":{"start":{"line":115,"column":21},"end":{"line":115,"column":41}},"40":{"start":{"line":116,"column":8},"end":{"line":122,"column":11}},"41":{"start":{"line":124,"column":8},"end":{"line":130,"column":11}},"42":{"start":{"line":133,"column":6},"end":{"line":133,"column":55}},"43":{"start":{"line":134,"column":6},"end":{"line":140,"column":9}},"44":{"start":{"line":144,"column":19},"end":{"line":182,"column":3}},"45":{"start":{"line":145,"column":4},"end":{"line":181,"column":5}},"46":{"start":{"line":146,"column":6},"end":{"line":146,"column":56}},"47":{"start":{"line":148,"column":19},"end":{"line":148,"column":45}},"48":{"start":{"line":149,"column":24},"end":{"line":149,"column":51}},"49":{"start":{"line":150,"column":6},"end":{"line":150,"column":47}},"50":{"start":{"line":152,"column":6},"end":{"line":158,"column":9}},"51":{"start":{"line":160,"column":6},"end":{"line":160,"column":51}},"52":{"start":{"line":162,"column":6},"end":{"line":173,"column":7}},"53":{"start":{"line":163,"column":8},"end":{"line":163,"column":49}},"54":{"start":{"line":164,"column":8},"end":{"line":164,"column":52}},"55":{"start":{"line":165,"column":8},"end":{"line":165,"column":58}},"56":{"start":{"line":167,"column":8},"end":{"line":167,"column":62}},"57":{"start":{"line":168,"column":25},"end":{"line":168,"column":95}},"58":{"start":{"line":169,"column":8},"end":{"line":172,"column":10}},"59":{"start":{"line":175,"column":6},"end":{"line":175,"column":59}},"60":{"start":{"line":176,"column":27},"end":{"line":176,"column":87}},"61":{"start":{"line":177,"column":6},"end":{"line":180,"column":8}},"62":{"start":{"line":184,"column":21},"end":{"line":252,"column":3}},"63":{"start":{"line":185,"column":4},"end":{"line":251,"column":5}},"64":{"start":{"line":186,"column":6},"end":{"line":188,"column":7}},"65":{"start":{"line":187,"column":8},"end":{"line":187,"column":74}},"66":{"start":{"line":190,"column":6},"end":{"line":193,"column":7}},"67":{"start":{"line":191,"column":8},"end":{"line":191,"column":37}},"68":{"start":{"line":192,"column":8},"end":{"line":192,"column":66}},"69":{"start":{"line":195,"column":6},"end":{"line":197,"column":7}},"70":{"start":{"line":196,"column":8},"end":{"line":196,"column":62}},"71":{"start":{"line":199,"column":6},"end":{"line":247,"column":7}},"72":{"start":{"line":200,"column":24},"end":{"line":200,"column":39}},"73":{"start":{"line":201,"column":23},"end":{"line":201,"column":54}},"74":{"start":{"line":202,"column":8},"end":{"line":202,"column":71}},"75":{"start":{"line":203,"column":25},"end":{"line":213,"column":10}},"76":{"start":{"line":215,"column":8},"end":{"line":215,"column":84}},"77":{"start":{"line":217,"column":8},"end":{"line":242,"column":9}},"78":{"start":{"line":218,"column":23},"end":{"line":218,"column":44}},"79":{"start":{"line":219,"column":10},"end":{"line":219,"column":78}},"80":{"start":{"line":221,"column":10},"end":{"line":237,"column":11}},"81":{"start":{"line":222,"column":12},"end":{"line":222,"column":67}},"82":{"start":{"line":223,"column":12},"end":{"line":223,"column":81}},"83":{"start":{"line":225,"column":12},"end":{"line":231,"column":15}},"84":{"start":{"line":232,"column":12},"end":{"line":232,"column":41}},"85":{"start":{"line":233,"column":12},"end":{"line":233,"column":37}},"86":{"start":{"line":235,"column":12},"end":{"line":235,"column":85}},"87":{"start":{"line":236,"column":12},"end":{"line":236,"column":94}},"88":{"start":{"line":239,"column":28},"end":{"line":239,"column":95}},"89":{"start":{"line":239,"column":63},"end":{"line":239,"column":93}},"90":{"start":{"line":240,"column":10},"end":{"line":240,"column":90}},"91":{"start":{"line":241,"column":10},"end":{"line":241,"column":92}},"92":{"start":{"line":244,"column":8},"end":{"line":244,"column":69}},"93":{"start":{"line":245,"column":29},"end":{"line":245,"column":95}},"94":{"start":{"line":246,"column":8},"end":{"line":246,"column":95}},"95":{"start":{"line":249,"column":6},"end":{"line":249,"column":52}},"96":{"start":{"line":250,"column":6},"end":{"line":250,"column":68}},"97":{"start":{"line":254,"column":21},"end":{"line":276,"column":3}},"98":{"start":{"line":255,"column":4},"end":{"line":275,"column":5}},"99":{"start":{"line":256,"column":6},"end":{"line":258,"column":7}},"100":{"start":{"line":257,"column":8},"end":{"line":257,"column":74}},"101":{"start":{"line":260,"column":19},"end":{"line":260,"column":45}},"102":{"start":{"line":261,"column":24},"end":{"line":261,"column":51}},"103":{"start":{"line":263,"column":6},"end":{"line":267,"column":9}},"104":{"start":{"line":269,"column":6},"end":{"line":269,"column":67}},"105":{"start":{"line":271,"column":6},"end":{"line":271,"column":31}},"106":{"start":{"line":273,"column":6},"end":{"line":273,"column":52}},"107":{"start":{"line":274,"column":6},"end":{"line":274,"column":67}},"108":{"start":{"line":278,"column":16},"end":{"line":343,"column":3}},"109":{"start":{"line":279,"column":4},"end":{"line":342,"column":5}},"110":{"start":{"line":280,"column":6},"end":{"line":280,"column":56}},"111":{"start":{"line":282,"column":6},"end":{"line":337,"column":7}},"112":{"start":{"line":283,"column":24},"end":{"line":283,"column":39}},"113":{"start":{"line":284,"column":8},"end":{"line":284,"column":56}},"114":{"start":{"line":285,"column":23},"end":{"line":285,"column":51}},"115":{"start":{"line":286,"column":8},"end":{"line":286,"column":71}},"116":{"start":{"line":287,"column":25},"end":{"line":293,"column":10}},"117":{"start":{"line":295,"column":8},"end":{"line":295,"column":71}},"118":{"start":{"line":296,"column":8},"end":{"line":296,"column":93}},"119":{"start":{"line":298,"column":28},"end":{"line":298,"column":64}},"120":{"start":{"line":299,"column":8},"end":{"line":306,"column":9}},"121":{"start":{"line":300,"column":31},"end":{"line":300,"column":52}},"122":{"start":{"line":301,"column":10},"end":{"line":301,"column":105}},"123":{"start":{"line":302,"column":10},"end":{"line":305,"column":12}},"124":{"start":{"line":308,"column":8},"end":{"line":332,"column":9}},"125":{"start":{"line":309,"column":23},"end":{"line":309,"column":44}},"126":{"start":{"line":310,"column":10},"end":{"line":310,"column":77}},"127":{"start":{"line":312,"column":10},"end":{"line":327,"column":11}},"128":{"start":{"line":313,"column":12},"end":{"line":313,"column":67}},"129":{"start":{"line":314,"column":12},"end":{"line":314,"column":81}},"130":{"start":{"line":316,"column":12},"end":{"line":322,"column":15}},"131":{"start":{"line":323,"column":12},"end":{"line":323,"column":74}},"132":{"start":{"line":325,"column":12},"end":{"line":325,"column":72}},"133":{"start":{"line":326,"column":12},"end":{"line":326,"column":94}},"134":{"start":{"line":329,"column":28},"end":{"line":329,"column":95}},"135":{"start":{"line":329,"column":63},"end":{"line":329,"column":93}},"136":{"start":{"line":330,"column":10},"end":{"line":330,"column":87}},"137":{"start":{"line":331,"column":10},"end":{"line":331,"column":97}},"138":{"start":{"line":334,"column":8},"end":{"line":334,"column":66}},"139":{"start":{"line":335,"column":29},"end":{"line":335,"column":95}},"140":{"start":{"line":336,"column":8},"end":{"line":336,"column":95}},"141":{"start":{"line":339,"column":6},"end":{"line":339,"column":50}},"142":{"start":{"line":340,"column":27},"end":{"line":340,"column":87}},"143":{"start":{"line":341,"column":6},"end":{"line":341,"column":83}},"144":{"start":{"line":345,"column":17},"end":{"line":365,"column":3}},"145":{"start":{"line":346,"column":4},"end":{"line":364,"column":5}},"146":{"start":{"line":347,"column":6},"end":{"line":347,"column":50}},"147":{"start":{"line":348,"column":6},"end":{"line":348,"column":83}},"148":{"start":{"line":350,"column":6},"end":{"line":350,"column":70}},"149":{"start":{"line":352,"column":6},"end":{"line":352,"column":67}},"150":{"start":{"line":353,"column":6},"end":{"line":359,"column":9}},"151":{"start":{"line":360,"column":6},"end":{"line":360,"column":55}},"152":{"start":{"line":362,"column":6},"end":{"line":362,"column":67}},"153":{"start":{"line":363,"column":6},"end":{"line":363,"column":18}},"154":{"start":{"line":367,"column":2},"end":{"line":376,"column":4}}},"fnMap":{"0":{"name":"getApiBaseUrl","decl":{"start":{"line":32,"column":9},"end":{"line":32,"column":22}},"loc":{"start":{"line":32,"column":33},"end":{"line":43,"column":1}},"line":32},"1":{"name":"getAuthHeaders","decl":{"start":{"line":45,"column":9},"end":{"line":45,"column":23}},"loc":{"start":{"line":45,"column":46},"end":{"line":50,"column":1}},"line":45},"2":{"name":"(anonymous_2)","decl":{"start":{"line":52,"column":33},"end":{"line":52,"column":34}},"loc":{"start":{"line":52,"column":47},"end":{"line":54,"column":1}},"line":52},"3":{"name":"(anonymous_3)","decl":{"start":{"line":56,"column":30},"end":{"line":56,"column":31}},"loc":{"start":{"line":56,"column":84},"end":{"line":89,"column":1}},"line":56},"4":{"name":"(anonymous_4)","decl":{"start":{"line":76,"column":52},"end":{"line":76,"column":53}},"loc":{"start":{"line":76,"column":59},"end":{"line":76,"column":85}},"line":76},"5":{"name":"(anonymous_5)","decl":{"start":{"line":91,"column":57},"end":{"line":91,"column":58}},"loc":{"start":{"line":91,"column":63},"end":{"line":377,"column":1}},"line":91},"6":{"name":"(anonymous_6)","decl":{"start":{"line":102,"column":12},"end":{"line":102,"column":13}},"loc":{"start":{"line":102,"column":18},"end":{"line":104,"column":3}},"line":102},"7":{"name":"(anonymous_7)","decl":{"start":{"line":106,"column":23},"end":{"line":106,"column":24}},"loc":{"start":{"line":106,"column":35},"end":{"line":142,"column":3}},"line":106},"8":{"name":"(anonymous_8)","decl":{"start":{"line":144,"column":19},"end":{"line":144,"column":20}},"loc":{"start":{"line":144,"column":152},"end":{"line":182,"column":3}},"line":144},"9":{"name":"(anonymous_9)","decl":{"start":{"line":184,"column":21},"end":{"line":184,"column":22}},"loc":{"start":{"line":184,"column":92},"end":{"line":252,"column":3}},"line":184},"10":{"name":"(anonymous_10)","decl":{"start":{"line":239,"column":56},"end":{"line":239,"column":57}},"loc":{"start":{"line":239,"column":63},"end":{"line":239,"column":93}},"line":239},"11":{"name":"(anonymous_11)","decl":{"start":{"line":254,"column":21},"end":{"line":254,"column":22}},"loc":{"start":{"line":254,"column":80},"end":{"line":276,"column":3}},"line":254},"12":{"name":"(anonymous_12)","decl":{"start":{"line":278,"column":16},"end":{"line":278,"column":17}},"loc":{"start":{"line":278,"column":125},"end":{"line":343,"column":3}},"line":278},"13":{"name":"(anonymous_13)","decl":{"start":{"line":329,"column":56},"end":{"line":329,"column":57}},"loc":{"start":{"line":329,"column":63},"end":{"line":329,"column":93}},"line":329},"14":{"name":"(anonymous_14)","decl":{"start":{"line":345,"column":17},"end":{"line":345,"column":18}},"loc":{"start":{"line":345,"column":29},"end":{"line":365,"column":3}},"line":345}},"branchMap":{"0":{"loc":{"start":{"line":33,"column":2},"end":{"line":36,"column":3}},"type":"if","locations":[{"start":{"line":33,"column":2},"end":{"line":36,"column":3}},{"start":{},"end":{}}],"line":33},"1":{"loc":{"start":{"line":35,"column":11},"end":{"line":35,"column":53}},"type":"cond-expr","locations":[{"start":{"line":35,"column":31},"end":{"line":35,"column":47}},{"start":{"line":35,"column":50},"end":{"line":35,"column":53}}],"line":35},"2":{"loc":{"start":{"line":38,"column":2},"end":{"line":40,"column":3}},"type":"if","locations":[{"start":{"line":38,"column":2},"end":{"line":40,"column":3}},{"start":{},"end":{}}],"line":38},"3":{"loc":{"start":{"line":38,"column":6},"end":{"line":38,"column":54}},"type":"binary-expr","locations":[{"start":{"line":38,"column":6},"end":{"line":38,"column":35}},{"start":{"line":38,"column":39},"end":{"line":38,"column":54}}],"line":38},"4":{"loc":{"start":{"line":48,"column":8},"end":{"line":48,"column":59}},"type":"cond-expr","locations":[{"start":{"line":48,"column":16},"end":{"line":48,"column":54}},{"start":{"line":48,"column":57},"end":{"line":48,"column":59}}],"line":48},"5":{"loc":{"start":{"line":75,"column":4},"end":{"line":79,"column":5}},"type":"if","locations":[{"start":{"line":75,"column":4},"end":{"line":79,"column":5}},{"start":{},"end":{}}],"line":75},"6":{"loc":{"start":{"line":78,"column":22},"end":{"line":78,"column":67}},"type":"binary-expr","locations":[{"start":{"line":78,"column":22},"end":{"line":78,"column":37}},{"start":{"line":78,"column":41},"end":{"line":78,"column":67}}],"line":78},"7":{"loc":{"start":{"line":113,"column":6},"end":{"line":131,"column":7}},"type":"if","locations":[{"start":{"line":113,"column":6},"end":{"line":131,"column":7}},{"start":{"line":123,"column":13},"end":{"line":131,"column":7}}],"line":113},"8":{"loc":{"start":{"line":113,"column":10},"end":{"line":113,"column":31}},"type":"binary-expr","locations":[{"start":{"line":113,"column":10},"end":{"line":113,"column":19}},{"start":{"line":113,"column":23},"end":{"line":113,"column":31}}],"line":113},"9":{"loc":{"start":{"line":121,"column":19},"end":{"line":121,"column":40}},"type":"binary-expr","locations":[{"start":{"line":121,"column":19},"end":{"line":121,"column":31}},{"start":{"line":121,"column":35},"end":{"line":121,"column":40}}],"line":121},"10":{"loc":{"start":{"line":168,"column":25},"end":{"line":168,"column":95}},"type":"cond-expr","locations":[{"start":{"line":168,"column":55},"end":{"line":168,"column":73}},{"start":{"line":168,"column":76},"end":{"line":168,"column":95}}],"line":168},"11":{"loc":{"start":{"line":176,"column":27},"end":{"line":176,"column":87}},"type":"cond-expr","locations":[{"start":{"line":176,"column":52},"end":{"line":176,"column":65}},{"start":{"line":176,"column":68},"end":{"line":176,"column":87}}],"line":176},"12":{"loc":{"start":{"line":186,"column":6},"end":{"line":188,"column":7}},"type":"if","locations":[{"start":{"line":186,"column":6},"end":{"line":188,"column":7}},{"start":{},"end":{}}],"line":186},"13":{"loc":{"start":{"line":190,"column":6},"end":{"line":193,"column":7}},"type":"if","locations":[{"start":{"line":190,"column":6},"end":{"line":193,"column":7}},{"start":{},"end":{}}],"line":190},"14":{"loc":{"start":{"line":195,"column":6},"end":{"line":197,"column":7}},"type":"if","locations":[{"start":{"line":195,"column":6},"end":{"line":197,"column":7}},{"start":{},"end":{}}],"line":195},"15":{"loc":{"start":{"line":217,"column":8},"end":{"line":242,"column":9}},"type":"if","locations":[{"start":{"line":217,"column":8},"end":{"line":242,"column":9}},{"start":{"line":238,"column":15},"end":{"line":242,"column":9}}],"line":217},"16":{"loc":{"start":{"line":221,"column":10},"end":{"line":237,"column":11}},"type":"if","locations":[{"start":{"line":221,"column":10},"end":{"line":237,"column":11}},{"start":{"line":234,"column":17},"end":{"line":237,"column":11}}],"line":221},"17":{"loc":{"start":{"line":221,"column":14},"end":{"line":221,"column":53}},"type":"binary-expr","locations":[{"start":{"line":221,"column":14},"end":{"line":221,"column":26}},{"start":{"line":221,"column":30},"end":{"line":221,"column":39}},{"start":{"line":221,"column":43},"end":{"line":221,"column":53}}],"line":221},"18":{"loc":{"start":{"line":230,"column":23},"end":{"line":230,"column":49}},"type":"binary-expr","locations":[{"start":{"line":230,"column":23},"end":{"line":230,"column":40}},{"start":{"line":230,"column":44},"end":{"line":230,"column":49}}],"line":230},"19":{"loc":{"start":{"line":236,"column":44},"end":{"line":236,"column":91}},"type":"binary-expr","locations":[{"start":{"line":236,"column":44},"end":{"line":236,"column":54}},{"start":{"line":236,"column":58},"end":{"line":236,"column":91}}],"line":236},"20":{"loc":{"start":{"line":241,"column":42},"end":{"line":241,"column":89}},"type":"binary-expr","locations":[{"start":{"line":241,"column":42},"end":{"line":241,"column":57}},{"start":{"line":241,"column":61},"end":{"line":241,"column":89}}],"line":241},"21":{"loc":{"start":{"line":245,"column":29},"end":{"line":245,"column":95}},"type":"cond-expr","locations":[{"start":{"line":245,"column":57},"end":{"line":245,"column":73}},{"start":{"line":245,"column":76},"end":{"line":245,"column":95}}],"line":245},"22":{"loc":{"start":{"line":256,"column":6},"end":{"line":258,"column":7}},"type":"if","locations":[{"start":{"line":256,"column":6},"end":{"line":258,"column":7}},{"start":{},"end":{}}],"line":256},"23":{"loc":{"start":{"line":299,"column":8},"end":{"line":306,"column":9}},"type":"if","locations":[{"start":{"line":299,"column":8},"end":{"line":306,"column":9}},{"start":{},"end":{}}],"line":299},"24":{"loc":{"start":{"line":299,"column":12},"end":{"line":299,"column":69}},"type":"binary-expr","locations":[{"start":{"line":299,"column":12},"end":{"line":299,"column":24}},{"start":{"line":299,"column":28},"end":{"line":299,"column":69}}],"line":299},"25":{"loc":{"start":{"line":308,"column":8},"end":{"line":332,"column":9}},"type":"if","locations":[{"start":{"line":308,"column":8},"end":{"line":332,"column":9}},{"start":{"line":328,"column":15},"end":{"line":332,"column":9}}],"line":308},"26":{"loc":{"start":{"line":312,"column":10},"end":{"line":327,"column":11}},"type":"if","locations":[{"start":{"line":312,"column":10},"end":{"line":327,"column":11}},{"start":{"line":324,"column":17},"end":{"line":327,"column":11}}],"line":312},"27":{"loc":{"start":{"line":312,"column":14},"end":{"line":312,"column":53}},"type":"binary-expr","locations":[{"start":{"line":312,"column":14},"end":{"line":312,"column":26}},{"start":{"line":312,"column":30},"end":{"line":312,"column":39}},{"start":{"line":312,"column":43},"end":{"line":312,"column":53}}],"line":312},"28":{"loc":{"start":{"line":321,"column":23},"end":{"line":321,"column":49}},"type":"binary-expr","locations":[{"start":{"line":321,"column":23},"end":{"line":321,"column":40}},{"start":{"line":321,"column":44},"end":{"line":321,"column":49}}],"line":321},"29":{"loc":{"start":{"line":323,"column":45},"end":{"line":323,"column":71}},"type":"binary-expr","locations":[{"start":{"line":323,"column":45},"end":{"line":323,"column":62}},{"start":{"line":323,"column":66},"end":{"line":323,"column":71}}],"line":323},"30":{"loc":{"start":{"line":326,"column":44},"end":{"line":326,"column":91}},"type":"binary-expr","locations":[{"start":{"line":326,"column":44},"end":{"line":326,"column":54}},{"start":{"line":326,"column":58},"end":{"line":326,"column":91}}],"line":326},"31":{"loc":{"start":{"line":331,"column":42},"end":{"line":331,"column":94}},"type":"binary-expr","locations":[{"start":{"line":331,"column":42},"end":{"line":331,"column":57}},{"start":{"line":331,"column":61},"end":{"line":331,"column":94}}],"line":331},"32":{"loc":{"start":{"line":335,"column":29},"end":{"line":335,"column":95}},"type":"cond-expr","locations":[{"start":{"line":335,"column":57},"end":{"line":335,"column":73}},{"start":{"line":335,"column":76},"end":{"line":335,"column":95}}],"line":335},"33":{"loc":{"start":{"line":340,"column":27},"end":{"line":340,"column":87}},"type":"cond-expr","locations":[{"start":{"line":340,"column":52},"end":{"line":340,"column":65}},{"start":{"line":340,"column":68},"end":{"line":340,"column":87}}],"line":340}},"s":{"0":1,"1":1,"2":1,"3":1,"4":1,"5":0,"6":0,"7":0,"8":0,"9":1,"10":0,"11":1,"12":0,"13":0,"14":0,"15":0,"16":0,"17":0,"18":0,"19":0,"20":0,"21":0,"22":0,"23":0,"24":0,"25":0,"26":0,"27":0,"28":0,"29":1,"30":4,"31":4,"32":4,"33":1,"34":4,"35":1,"36":1,"37":1,"38":0,"39":0,"40":0,"41":1,"42":0,"43":0,"44":4,"45":0,"46":0,"47":0,"48":0,"49":0,"50":0,"51":0,"52":0,"53":0,"54":0,"55":0,"56":0,"57":0,"58":0,"59":0,"60":0,"61":0,"62":4,"63":0,"64":0,"65":0,"66":0,"67":0,"68":0,"69":0,"70":0,"71":0,"72":0,"73":0,"74":0,"75":0,"76":0,"77":0,"78":0,"79":0,"80":0,"81":0,"82":0,"83":0,"84":0,"85":0,"86":0,"87":0,"88":0,"89":0,"90":0,"91":0,"92":0,"93":0,"94":0,"95":0,"96":0,"97":4,"98":0,"99":0,"100":0,"101":0,"102":0,"103":0,"104":0,"105":0,"106":0,"107":0,"108":4,"109":1,"110":1,"111":1,"112":1,"113":1,"114":1,"115":1,"116":1,"117":1,"118":1,"119":1,"120":1,"121":0,"122":0,"123":0,"124":1,"125":1,"126":1,"127":1,"128":1,"129":1,"130":1,"131":1,"132":0,"133":0,"134":0,"135":0,"136":0,"137":0,"138":0,"139":0,"140":0,"141":0,"142":0,"143":0,"144":4,"145":1,"146":1,"147":1,"148":1,"149":1,"150":1,"151":1,"152":0,"153":0,"154":4},"f":{"0":1,"1":0,"2":0,"3":0,"4":0,"5":4,"6":1,"7":1,"8":0,"9":0,"10":0,"11":0,"12":1,"13":0,"14":1},"b":{"0":[1,0],"1":[0,1],"2":[0,0],"3":[0,0],"4":[0,0],"5":[0,0],"6":[0,0],"7":[0,1],"8":[1,0],"9":[0,0],"10":[0,0],"11":[0,0],"12":[0,0],"13":[0,0],"14":[0,0],"15":[0,0],"16":[0,0],"17":[0,0,0],"18":[0,0],"19":[0,0],"20":[0,0],"21":[0,0],"22":[0,0],"23":[0,1],"24":[1,1],"25":[1,0],"26":[1,0],"27":[1,1,1],"28":[1,1],"29":[1,1],"30":[0,0],"31":[0,0],"32":[0,0],"33":[0,0]},"_coverageSchema":"1a1c01bbd47fc00a2c39e90264f33305004495a9","hash":"1fcd022fabaa91f425407b56a8dfa1ae3a593ba3"}
,"C:\\Users\\david\\Downloads\\vizaro pro\\-vizzaro-wallpaper\\contexts\\CartContext.tsx": {"path":"C:\\Users\\david\\Downloads\\vizaro pro\\-vizzaro-wallpaper\\contexts\\CartContext.tsx","statementMap":{"0":{"start":{"line":15,"column":25},"end":{"line":15,"column":41}},"1":{"start":{"line":17,"column":39},"end":{"line":135,"column":2}},"2":{"start":{"line":18,"column":36},"end":{"line":18,"column":60}},"3":{"start":{"line":19,"column":36},"end":{"line":19,"column":59}},"4":{"start":{"line":21,"column":19},"end":{"line":27,"column":17}},"5":{"start":{"line":22,"column":4},"end":{"line":26,"column":5}},"6":{"start":{"line":23,"column":6},"end":{"line":23,"column":78}},"7":{"start":{"line":25,"column":6},"end":{"line":25,"column":49}},"8":{"start":{"line":29,"column":19},"end":{"line":40,"column":8}},"9":{"start":{"line":30,"column":4},"end":{"line":39,"column":5}},"10":{"start":{"line":31,"column":21},"end":{"line":31,"column":65}},"11":{"start":{"line":32,"column":6},"end":{"line":34,"column":7}},"12":{"start":{"line":33,"column":8},"end":{"line":33,"column":41}},"13":{"start":{"line":36,"column":6},"end":{"line":36,"column":50}},"14":{"start":{"line":38,"column":6},"end":{"line":38,"column":26}},"15":{"start":{"line":43,"column":2},"end":{"line":45,"column":17}},"16":{"start":{"line":44,"column":4},"end":{"line":44,"column":15}},"17":{"start":{"line":48,"column":2},"end":{"line":52,"column":39}},"18":{"start":{"line":49,"column":4},"end":{"line":51,"column":5}},"19":{"start":{"line":50,"column":6},"end":{"line":50,"column":17}},"20":{"start":{"line":54,"column":20},"end":{"line":83,"column":8}},"21":{"start":{"line":55,"column":4},"end":{"line":82,"column":7}},"22":{"start":{"line":56,"column":27},"end":{"line":56,"column":75}},"23":{"start":{"line":56,"column":50},"end":{"line":56,"column":74}},"24":{"start":{"line":58,"column":6},"end":{"line":81,"column":7}},"25":{"start":{"line":60,"column":8},"end":{"line":69,"column":10}},"26":{"start":{"line":61,"column":10},"end":{"line":68,"column":18}},"27":{"start":{"line":72,"column":34},"end":{"line":79,"column":9}},"28":{"start":{"line":80,"column":8},"end":{"line":80,"column":39}},"29":{"start":{"line":85,"column":25},"end":{"line":102,"column":8}},"30":{"start":{"line":86,"column":4},"end":{"line":101,"column":6}},"31":{"start":{"line":87,"column":6},"end":{"line":100,"column":42}},"32":{"start":{"line":88,"column":8},"end":{"line":98,"column":9}},"33":{"start":{"line":89,"column":30},"end":{"line":89,"column":65}},"34":{"start":{"line":90,"column":31},"end":{"line":90,"column":63}},"35":{"start":{"line":91,"column":30},"end":{"line":91,"column":59}},"36":{"start":{"line":92,"column":10},"end":{"line":97,"column":12}},"37":{"start":{"line":99,"column":8},"end":{"line":99,"column":20}},"38":{"start":{"line":100,"column":24},"end":{"line":100,"column":41}},"39":{"start":{"line":104,"column":25},"end":{"line":106,"column":8}},"40":{"start":{"line":105,"column":4},"end":{"line":105,"column":72}},"41":{"start":{"line":105,"column":30},"end":{"line":105,"column":70}},"42":{"start":{"line":105,"column":55},"end":{"line":105,"column":69}},"43":{"start":{"line":108,"column":20},"end":{"line":110,"column":8}},"44":{"start":{"line":109,"column":4},"end":{"line":109,"column":21}},"45":{"start":{"line":112,"column":23},"end":{"line":114,"column":17}},"46":{"start":{"line":113,"column":4},"end":{"line":113,"column":99}},"47":{"start":{"line":113,"column":45},"end":{"line":113,"column":94}},"48":{"start":{"line":116,"column":28},"end":{"line":118,"column":17}},"49":{"start":{"line":117,"column":4},"end":{"line":117,"column":71}},"50":{"start":{"line":117,"column":45},"end":{"line":117,"column":66}},"51":{"start":{"line":120,"column":19},"end":{"line":122,"column":17}},"52":{"start":{"line":121,"column":4},"end":{"line":121,"column":59}},"53":{"start":{"line":121,"column":34},"end":{"line":121,"column":57}},"54":{"start":{"line":124,"column":2},"end":{"line":134,"column":127}},"55":{"start":{"line":124,"column":24},"end":{"line":134,"column":3}}},"fnMap":{"0":{"name":"(anonymous_0)","decl":{"start":{"line":17,"column":57},"end":{"line":17,"column":58}},"loc":{"start":{"line":17,"column":63},"end":{"line":135,"column":1}},"line":17},"1":{"name":"(anonymous_1)","decl":{"start":{"line":21,"column":31},"end":{"line":21,"column":32}},"loc":{"start":{"line":21,"column":43},"end":{"line":27,"column":3}},"line":21},"2":{"name":"(anonymous_2)","decl":{"start":{"line":29,"column":31},"end":{"line":29,"column":32}},"loc":{"start":{"line":29,"column":43},"end":{"line":40,"column":3}},"line":29},"3":{"name":"(anonymous_3)","decl":{"start":{"line":43,"column":12},"end":{"line":43,"column":13}},"loc":{"start":{"line":43,"column":18},"end":{"line":45,"column":3}},"line":43},"4":{"name":"(anonymous_4)","decl":{"start":{"line":48,"column":12},"end":{"line":48,"column":13}},"loc":{"start":{"line":48,"column":18},"end":{"line":52,"column":3}},"line":48},"5":{"name":"(anonymous_5)","decl":{"start":{"line":54,"column":32},"end":{"line":54,"column":33}},"loc":{"start":{"line":54,"column":155},"end":{"line":83,"column":3}},"line":54},"6":{"name":"(anonymous_6)","decl":{"start":{"line":55,"column":17},"end":{"line":55,"column":18}},"loc":{"start":{"line":55,"column":30},"end":{"line":82,"column":5}},"line":55},"7":{"name":"(anonymous_7)","decl":{"start":{"line":56,"column":42},"end":{"line":56,"column":43}},"loc":{"start":{"line":56,"column":50},"end":{"line":56,"column":74}},"line":56},"8":{"name":"(anonymous_8)","decl":{"start":{"line":60,"column":29},"end":{"line":60,"column":30}},"loc":{"start":{"line":61,"column":10},"end":{"line":68,"column":18}},"line":61},"9":{"name":"(anonymous_9)","decl":{"start":{"line":85,"column":37},"end":{"line":85,"column":38}},"loc":{"start":{"line":85,"column":69},"end":{"line":102,"column":3}},"line":85},"10":{"name":"(anonymous_10)","decl":{"start":{"line":86,"column":17},"end":{"line":86,"column":18}},"loc":{"start":{"line":87,"column":6},"end":{"line":100,"column":42}},"line":87},"11":{"name":"(anonymous_11)","decl":{"start":{"line":87,"column":20},"end":{"line":87,"column":21}},"loc":{"start":{"line":87,"column":28},"end":{"line":100,"column":7}},"line":87},"12":{"name":"(anonymous_12)","decl":{"start":{"line":100,"column":16},"end":{"line":100,"column":17}},"loc":{"start":{"line":100,"column":24},"end":{"line":100,"column":41}},"line":100},"13":{"name":"(anonymous_13)","decl":{"start":{"line":104,"column":37},"end":{"line":104,"column":38}},"loc":{"start":{"line":104,"column":53},"end":{"line":106,"column":3}},"line":104},"14":{"name":"(anonymous_14)","decl":{"start":{"line":105,"column":17},"end":{"line":105,"column":18}},"loc":{"start":{"line":105,"column":30},"end":{"line":105,"column":70}},"line":105},"15":{"name":"(anonymous_15)","decl":{"start":{"line":105,"column":47},"end":{"line":105,"column":48}},"loc":{"start":{"line":105,"column":55},"end":{"line":105,"column":69}},"line":105},"16":{"name":"(anonymous_16)","decl":{"start":{"line":108,"column":32},"end":{"line":108,"column":33}},"loc":{"start":{"line":108,"column":38},"end":{"line":110,"column":3}},"line":108},"17":{"name":"(anonymous_17)","decl":{"start":{"line":112,"column":35},"end":{"line":112,"column":36}},"loc":{"start":{"line":112,"column":41},"end":{"line":114,"column":3}},"line":112},"18":{"name":"(anonymous_18)","decl":{"start":{"line":113,"column":28},"end":{"line":113,"column":29}},"loc":{"start":{"line":113,"column":45},"end":{"line":113,"column":94}},"line":113},"19":{"name":"(anonymous_19)","decl":{"start":{"line":116,"column":40},"end":{"line":116,"column":41}},"loc":{"start":{"line":116,"column":46},"end":{"line":118,"column":3}},"line":116},"20":{"name":"(anonymous_20)","decl":{"start":{"line":117,"column":28},"end":{"line":117,"column":29}},"loc":{"start":{"line":117,"column":45},"end":{"line":117,"column":66}},"line":117},"21":{"name":"(anonymous_21)","decl":{"start":{"line":120,"column":31},"end":{"line":120,"column":32}},"loc":{"start":{"line":120,"column":56},"end":{"line":122,"column":3}},"line":120},"22":{"name":"(anonymous_22)","decl":{"start":{"line":121,"column":26},"end":{"line":121,"column":27}},"loc":{"start":{"line":121,"column":34},"end":{"line":121,"column":57}},"line":121},"23":{"name":"(anonymous_23)","decl":{"start":{"line":124,"column":17},"end":{"line":124,"column":18}},"loc":{"start":{"line":124,"column":24},"end":{"line":134,"column":3}},"line":124}},"branchMap":{"0":{"loc":{"start":{"line":32,"column":6},"end":{"line":34,"column":7}},"type":"if","locations":[{"start":{"line":32,"column":6},"end":{"line":34,"column":7}},{"start":{},"end":{}}],"line":32},"1":{"loc":{"start":{"line":49,"column":4},"end":{"line":51,"column":5}},"type":"if","locations":[{"start":{"line":49,"column":4},"end":{"line":51,"column":5}},{"start":{},"end":{}}],"line":49},"2":{"loc":{"start":{"line":54,"column":55},"end":{"line":54,"column":78}},"type":"default-arg","locations":[{"start":{"line":54,"column":77},"end":{"line":54,"column":78}}],"line":54},"3":{"loc":{"start":{"line":54,"column":80},"end":{"line":54,"column":103}},"type":"default-arg","locations":[{"start":{"line":54,"column":99},"end":{"line":54,"column":103}}],"line":54},"4":{"loc":{"start":{"line":54,"column":105},"end":{"line":54,"column":150}},"type":"default-arg","locations":[{"start":{"line":54,"column":144},"end":{"line":54,"column":150}}],"line":54},"5":{"loc":{"start":{"line":58,"column":6},"end":{"line":81,"column":7}},"type":"if","locations":[{"start":{"line":58,"column":6},"end":{"line":81,"column":7}},{"start":{"line":70,"column":13},"end":{"line":81,"column":7}}],"line":58},"6":{"loc":{"start":{"line":61,"column":10},"end":{"line":68,"column":18}},"type":"cond-expr","locations":[{"start":{"line":62,"column":14},"end":{"line":67,"column":15}},{"start":{"line":68,"column":14},"end":{"line":68,"column":18}}],"line":61},"7":{"loc":{"start":{"line":88,"column":8},"end":{"line":98,"column":9}},"type":"if","locations":[{"start":{"line":88,"column":8},"end":{"line":98,"column":9}},{"start":{},"end":{}}],"line":88}},"s":{"0":1,"1":1,"2":6,"3":6,"4":6,"5":5,"6":5,"7":0,"8":6,"9":1,"10":1,"11":1,"12":0,"13":0,"14":1,"15":6,"16":1,"17":6,"18":6,"19":5,"20":6,"21":2,"22":2,"23":0,"24":2,"25":0,"26":0,"27":2,"28":2,"29":6,"30":0,"31":0,"32":0,"33":0,"34":0,"35":0,"36":0,"37":0,"38":0,"39":6,"40":1,"41":1,"42":1,"43":6,"44":1,"45":6,"46":5,"47":2,"48":6,"49":0,"50":0,"51":6,"52":0,"53":0,"54":6,"55":6},"f":{"0":6,"1":5,"2":1,"3":1,"4":6,"5":2,"6":2,"7":0,"8":0,"9":0,"10":0,"11":0,"12":0,"13":1,"14":1,"15":1,"16":1,"17":5,"18":2,"19":0,"20":0,"21":0,"22":0,"23":6},"b":{"0":[0,1],"1":[5,1],"2":[2],"3":[2],"4":[2],"5":[0,2],"6":[0,0],"7":[0,0]},"_coverageSchema":"1a1c01bbd47fc00a2c39e90264f33305004495a9","hash":"53c6f69aff164555aaf1aa4cb2f3543c40796985"}
,"C:\\Users\\david\\Downloads\\vizaro pro\\-vizzaro-wallpaper\\contexts\\WallpapersContext.tsx": {"path":"C:\\Users\\david\\Downloads\\vizaro pro\\-vizzaro-wallpaper\\contexts\\WallpapersContext.tsx","statementMap":{"0":{"start":{"line":6,"column":21},"end":{"line":6,"column":58}},"1":{"start":{"line":7,"column":20},"end":{"line":7,"column":40}},"2":{"start":{"line":9,"column":51},"end":{"line":357,"column":2}},"3":{"start":{"line":10,"column":38},"end":{"line":10,"column":63}},"4":{"start":{"line":11,"column":36},"end":{"line":11,"column":59}},"5":{"start":{"line":12,"column":28},"end":{"line":12,"column":57}},"6":{"start":{"line":14,"column":25},"end":{"line":94,"column":8}},"7":{"start":{"line":15,"column":4},"end":{"line":93,"column":5}},"8":{"start":{"line":16,"column":6},"end":{"line":16,"column":94}},"9":{"start":{"line":17,"column":6},"end":{"line":17,"column":21}},"10":{"start":{"line":18,"column":6},"end":{"line":18,"column":25}},"11":{"start":{"line":20,"column":6},"end":{"line":70,"column":7}},"12":{"start":{"line":21,"column":8},"end":{"line":67,"column":9}},"13":{"start":{"line":22,"column":10},"end":{"line":22,"column":109}},"14":{"start":{"line":24,"column":29},"end":{"line":24,"column":50}},"15":{"start":{"line":25,"column":28},"end":{"line":25,"column":70}},"16":{"start":{"line":25,"column":45},"end":{"line":25,"column":63}},"17":{"start":{"line":27,"column":27},"end":{"line":35,"column":12}},"18":{"start":{"line":37,"column":10},"end":{"line":37,"column":34}},"19":{"start":{"line":39,"column":10},"end":{"line":64,"column":11}},"20":{"start":{"line":40,"column":25},"end":{"line":40,"column":46}},"21":{"start":{"line":41,"column":12},"end":{"line":41,"column":100}},"22":{"start":{"line":42,"column":12},"end":{"line":42,"column":78}},"23":{"start":{"line":44,"column":12},"end":{"line":59,"column":13}},"24":{"start":{"line":45,"column":35},"end":{"line":47,"column":15}},"25":{"start":{"line":46,"column":16},"end":{"line":46,"column":106}},"26":{"start":{"line":48,"column":14},"end":{"line":48,"column":99}},"27":{"start":{"line":50,"column":14},"end":{"line":58,"column":15}},"28":{"start":{"line":51,"column":16},"end":{"line":51,"column":44}},"29":{"start":{"line":52,"column":16},"end":{"line":52,"column":86}},"30":{"start":{"line":53,"column":16},"end":{"line":53,"column":124}},"31":{"start":{"line":54,"column":16},"end":{"line":54,"column":36}},"32":{"start":{"line":55,"column":16},"end":{"line":55,"column":23}},"33":{"start":{"line":57,"column":16},"end":{"line":57,"column":94}},"34":{"start":{"line":61,"column":12},"end":{"line":61,"column":85}},"35":{"start":{"line":62,"column":30},"end":{"line":62,"column":51}},"36":{"start":{"line":63,"column":12},"end":{"line":63,"column":74}},"37":{"start":{"line":66,"column":10},"end":{"line":66,"column":91}},"38":{"start":{"line":69,"column":8},"end":{"line":69,"column":91}},"39":{"start":{"line":72,"column":6},"end":{"line":81,"column":7}},"40":{"start":{"line":73,"column":8},"end":{"line":73,"column":72}},"41":{"start":{"line":74,"column":23},"end":{"line":74,"column":62}},"42":{"start":{"line":75,"column":8},"end":{"line":80,"column":9}},"43":{"start":{"line":76,"column":25},"end":{"line":76,"column":43}},"44":{"start":{"line":77,"column":10},"end":{"line":77,"column":90}},"45":{"start":{"line":78,"column":10},"end":{"line":78,"column":32}},"46":{"start":{"line":79,"column":10},"end":{"line":79,"column":17}},"47":{"start":{"line":83,"column":6},"end":{"line":83,"column":102}},"48":{"start":{"line":84,"column":6},"end":{"line":84,"column":39}},"49":{"start":{"line":85,"column":6},"end":{"line":85,"column":81}},"50":{"start":{"line":88,"column":6},"end":{"line":88,"column":76}},"51":{"start":{"line":89,"column":6},"end":{"line":89,"column":46}},"52":{"start":{"line":90,"column":6},"end":{"line":90,"column":39}},"53":{"start":{"line":92,"column":6},"end":{"line":92,"column":26}},"54":{"start":{"line":96,"column":25},"end":{"line":194,"column":8}},"55":{"start":{"line":97,"column":4},"end":{"line":193,"column":5}},"56":{"start":{"line":98,"column":6},"end":{"line":98,"column":96}},"57":{"start":{"line":100,"column":6},"end":{"line":102,"column":7}},"58":{"start":{"line":101,"column":8},"end":{"line":101,"column":83}},"59":{"start":{"line":104,"column":6},"end":{"line":104,"column":72}},"60":{"start":{"line":106,"column":6},"end":{"line":187,"column":7}},"61":{"start":{"line":107,"column":23},"end":{"line":107,"column":59}},"62":{"start":{"line":108,"column":8},"end":{"line":108,"column":67}},"63":{"start":{"line":110,"column":27},"end":{"line":110,"column":48}},"64":{"start":{"line":111,"column":26},"end":{"line":111,"column":69}},"65":{"start":{"line":111,"column":43},"end":{"line":111,"column":61}},"66":{"start":{"line":114,"column":8},"end":{"line":142,"column":9}},"67":{"start":{"line":115,"column":10},"end":{"line":126,"column":13}},"68":{"start":{"line":128,"column":10},"end":{"line":128,"column":34}},"69":{"start":{"line":129,"column":10},"end":{"line":129,"column":72}},"70":{"start":{"line":131,"column":10},"end":{"line":139,"column":11}},"71":{"start":{"line":132,"column":12},"end":{"line":134,"column":13}},"72":{"start":{"line":133,"column":14},"end":{"line":133,"column":133}},"73":{"start":{"line":136,"column":12},"end":{"line":138,"column":13}},"74":{"start":{"line":137,"column":14},"end":{"line":137,"column":239}},"75":{"start":{"line":141,"column":10},"end":{"line":141,"column":113}},"76":{"start":{"line":144,"column":8},"end":{"line":144,"column":32}},"77":{"start":{"line":146,"column":8},"end":{"line":169,"column":9}},"78":{"start":{"line":147,"column":28},"end":{"line":147,"column":49}},"79":{"start":{"line":148,"column":10},"end":{"line":148,"column":95}},"80":{"start":{"line":150,"column":10},"end":{"line":154,"column":11}},"81":{"start":{"line":151,"column":12},"end":{"line":151,"column":46}},"82":{"start":{"line":153,"column":12},"end":{"line":153,"column":45}},"83":{"start":{"line":156,"column":10},"end":{"line":158,"column":11}},"84":{"start":{"line":157,"column":12},"end":{"line":157,"column":215}},"85":{"start":{"line":160,"column":10},"end":{"line":162,"column":11}},"86":{"start":{"line":161,"column":12},"end":{"line":161,"column":84}},"87":{"start":{"line":164,"column":10},"end":{"line":166,"column":11}},"88":{"start":{"line":165,"column":12},"end":{"line":165,"column":118}},"89":{"start":{"line":168,"column":10},"end":{"line":168,"column":88}},"90":{"start":{"line":171,"column":21},"end":{"line":171,"column":42}},"91":{"start":{"line":172,"column":8},"end":{"line":172,"column":77}},"92":{"start":{"line":174,"column":8},"end":{"line":174,"column":80}},"93":{"start":{"line":175,"column":8},"end":{"line":175,"column":116}},"94":{"start":{"line":176,"column":8},"end":{"line":176,"column":65}},"95":{"start":{"line":178,"column":8},"end":{"line":178,"column":38}},"96":{"start":{"line":180,"column":8},"end":{"line":180,"column":95}},"97":{"start":{"line":182,"column":8},"end":{"line":182,"column":80}},"98":{"start":{"line":183,"column":8},"end":{"line":183,"column":86}},"99":{"start":{"line":184,"column":8},"end":{"line":184,"column":65}},"100":{"start":{"line":186,"column":8},"end":{"line":186,"column":38}},"101":{"start":{"line":189,"column":6},"end":{"line":189,"column":18}},"102":{"start":{"line":191,"column":6},"end":{"line":191,"column":75}},"103":{"start":{"line":192,"column":6},"end":{"line":192,"column":18}},"104":{"start":{"line":196,"column":2},"end":{"line":198,"column":23}},"105":{"start":{"line":197,"column":4},"end":{"line":197,"column":21}},"106":{"start":{"line":200,"column":26},"end":{"line":221,"column":34}},"107":{"start":{"line":201,"column":4},"end":{"line":220,"column":5}},"108":{"start":{"line":202,"column":6},"end":{"line":202,"column":82}},"109":{"start":{"line":203,"column":6},"end":{"line":203,"column":98}},"110":{"start":{"line":204,"column":6},"end":{"line":204,"column":77}},"111":{"start":{"line":206,"column":32},"end":{"line":208,"column":7}},"112":{"start":{"line":207,"column":8},"end":{"line":207,"column":75}},"113":{"start":{"line":210,"column":6},"end":{"line":210,"column":58}},"114":{"start":{"line":211,"column":6},"end":{"line":211,"column":94}},"115":{"start":{"line":212,"column":6},"end":{"line":212,"column":100}},"116":{"start":{"line":213,"column":6},"end":{"line":213,"column":18}},"117":{"start":{"line":215,"column":6},"end":{"line":215,"column":76}},"118":{"start":{"line":216,"column":6},"end":{"line":218,"column":7}},"119":{"start":{"line":217,"column":8},"end":{"line":217,"column":75}},"120":{"start":{"line":219,"column":6},"end":{"line":219,"column":18}},"121":{"start":{"line":223,"column":23},"end":{"line":237,"column":34}},"122":{"start":{"line":224,"column":4},"end":{"line":236,"column":5}},"123":{"start":{"line":225,"column":6},"end":{"line":225,"column":80}},"124":{"start":{"line":227,"column":32},"end":{"line":227,"column":61}},"125":{"start":{"line":229,"column":6},"end":{"line":229,"column":58}},"126":{"start":{"line":230,"column":6},"end":{"line":230,"column":70}},"127":{"start":{"line":232,"column":6},"end":{"line":232,"column":18}},"128":{"start":{"line":234,"column":6},"end":{"line":234,"column":74}},"129":{"start":{"line":235,"column":6},"end":{"line":235,"column":19}},"130":{"start":{"line":239,"column":32},"end":{"line":253,"column":34}},"131":{"start":{"line":240,"column":4},"end":{"line":252,"column":5}},"132":{"start":{"line":241,"column":6},"end":{"line":241,"column":91}},"133":{"start":{"line":243,"column":32},"end":{"line":243,"column":65}},"134":{"start":{"line":245,"column":6},"end":{"line":245,"column":58}},"135":{"start":{"line":246,"column":6},"end":{"line":246,"column":80}},"136":{"start":{"line":248,"column":6},"end":{"line":248,"column":18}},"137":{"start":{"line":250,"column":6},"end":{"line":250,"column":84}},"138":{"start":{"line":251,"column":6},"end":{"line":251,"column":19}},"139":{"start":{"line":255,"column":31},"end":{"line":267,"column":22}},"140":{"start":{"line":256,"column":4},"end":{"line":266,"column":5}},"141":{"start":{"line":257,"column":6},"end":{"line":257,"column":103}},"142":{"start":{"line":259,"column":6},"end":{"line":259,"column":54}},"143":{"start":{"line":260,"column":6},"end":{"line":260,"column":78}},"144":{"start":{"line":262,"column":6},"end":{"line":262,"column":18}},"145":{"start":{"line":264,"column":6},"end":{"line":264,"column":78}},"146":{"start":{"line":265,"column":6},"end":{"line":265,"column":19}},"147":{"start":{"line":269,"column":26},"end":{"line":280,"column":34}},"148":{"start":{"line":270,"column":4},"end":{"line":279,"column":5}},"149":{"start":{"line":271,"column":32},"end":{"line":271,"column":92}},"150":{"start":{"line":271,"column":63},"end":{"line":271,"column":91}},"151":{"start":{"line":273,"column":6},"end":{"line":273,"column":58}},"152":{"start":{"line":274,"column":6},"end":{"line":274,"column":72}},"153":{"start":{"line":275,"column":6},"end":{"line":275,"column":18}},"154":{"start":{"line":277,"column":6},"end":{"line":277,"column":76}},"155":{"start":{"line":278,"column":6},"end":{"line":278,"column":19}},"156":{"start":{"line":282,"column":27},"end":{"line":284,"column":18}},"157":{"start":{"line":283,"column":4},"end":{"line":283,"column":61}},"158":{"start":{"line":283,"column":40},"end":{"line":283,"column":59}},"159":{"start":{"line":286,"column":28},"end":{"line":290,"column":22}},"160":{"start":{"line":287,"column":4},"end":{"line":287,"column":64}},"161":{"start":{"line":288,"column":4},"end":{"line":288,"column":23}},"162":{"start":{"line":289,"column":4},"end":{"line":289,"column":32}},"163":{"start":{"line":292,"column":23},"end":{"line":342,"column":8}},"164":{"start":{"line":293,"column":4},"end":{"line":341,"column":5}},"165":{"start":{"line":294,"column":6},"end":{"line":294,"column":62}},"166":{"start":{"line":296,"column":6},"end":{"line":298,"column":7}},"167":{"start":{"line":297,"column":8},"end":{"line":297,"column":83}},"168":{"start":{"line":300,"column":6},"end":{"line":302,"column":7}},"169":{"start":{"line":301,"column":8},"end":{"line":301,"column":58}},"170":{"start":{"line":304,"column":21},"end":{"line":304,"column":56}},"171":{"start":{"line":305,"column":6},"end":{"line":305,"column":68}},"172":{"start":{"line":307,"column":23},"end":{"line":314,"column":8}},"173":{"start":{"line":316,"column":6},"end":{"line":326,"column":7}},"174":{"start":{"line":317,"column":26},"end":{"line":317,"column":47}},"175":{"start":{"line":318,"column":8},"end":{"line":318,"column":90}},"176":{"start":{"line":320,"column":8},"end":{"line":324,"column":9}},"177":{"start":{"line":321,"column":10},"end":{"line":321,"column":44}},"178":{"start":{"line":323,"column":10},"end":{"line":323,"column":43}},"179":{"start":{"line":325,"column":8},"end":{"line":325,"column":86}},"180":{"start":{"line":328,"column":19},"end":{"line":328,"column":40}},"181":{"start":{"line":329,"column":6},"end":{"line":329,"column":75}},"182":{"start":{"line":331,"column":6},"end":{"line":335,"column":7}},"183":{"start":{"line":332,"column":8},"end":{"line":332,"column":36}},"184":{"start":{"line":333,"column":8},"end":{"line":333,"column":78}},"185":{"start":{"line":334,"column":8},"end":{"line":334,"column":116}},"186":{"start":{"line":337,"column":6},"end":{"line":337,"column":18}},"187":{"start":{"line":339,"column":6},"end":{"line":339,"column":75}},"188":{"start":{"line":340,"column":6},"end":{"line":340,"column":18}},"189":{"start":{"line":344,"column":2},"end":{"line":356,"column":182}},"190":{"start":{"line":344,"column":24},"end":{"line":356,"column":3}}},"fnMap":{"0":{"name":"(anonymous_0)","decl":{"start":{"line":9,"column":69},"end":{"line":9,"column":70}},"loc":{"start":{"line":9,"column":75},"end":{"line":357,"column":1}},"line":9},"1":{"name":"(anonymous_1)","decl":{"start":{"line":14,"column":37},"end":{"line":14,"column":38}},"loc":{"start":{"line":14,"column":69},"end":{"line":94,"column":3}},"line":14},"2":{"name":"(anonymous_2)","decl":{"start":{"line":25,"column":39},"end":{"line":25,"column":40}},"loc":{"start":{"line":25,"column":45},"end":{"line":25,"column":63}},"line":25},"3":{"name":"(anonymous_3)","decl":{"start":{"line":45,"column":55},"end":{"line":45,"column":56}},"loc":{"start":{"line":46,"column":16},"end":{"line":46,"column":106}},"line":46},"4":{"name":"(anonymous_4)","decl":{"start":{"line":96,"column":37},"end":{"line":96,"column":38}},"loc":{"start":{"line":96,"column":114},"end":{"line":194,"column":3}},"line":96},"5":{"name":"(anonymous_5)","decl":{"start":{"line":111,"column":37},"end":{"line":111,"column":38}},"loc":{"start":{"line":111,"column":43},"end":{"line":111,"column":61}},"line":111},"6":{"name":"(anonymous_6)","decl":{"start":{"line":196,"column":12},"end":{"line":196,"column":13}},"loc":{"start":{"line":196,"column":18},"end":{"line":198,"column":3}},"line":196},"7":{"name":"(anonymous_7)","decl":{"start":{"line":200,"column":38},"end":{"line":200,"column":39}},"loc":{"start":{"line":200,"column":98},"end":{"line":221,"column":3}},"line":200},"8":{"name":"(anonymous_8)","decl":{"start":{"line":206,"column":47},"end":{"line":206,"column":48}},"loc":{"start":{"line":207,"column":8},"end":{"line":207,"column":75}},"line":207},"9":{"name":"(anonymous_9)","decl":{"start":{"line":223,"column":35},"end":{"line":223,"column":36}},"loc":{"start":{"line":223,"column":91},"end":{"line":237,"column":3}},"line":223},"10":{"name":"(anonymous_10)","decl":{"start":{"line":239,"column":44},"end":{"line":239,"column":45}},"loc":{"start":{"line":239,"column":103},"end":{"line":253,"column":3}},"line":239},"11":{"name":"(anonymous_11)","decl":{"start":{"line":255,"column":43},"end":{"line":255,"column":44}},"loc":{"start":{"line":255,"column":102},"end":{"line":267,"column":3}},"line":255},"12":{"name":"(anonymous_12)","decl":{"start":{"line":269,"column":38},"end":{"line":269,"column":39}},"loc":{"start":{"line":269,"column":90},"end":{"line":280,"column":3}},"line":269},"13":{"name":"(anonymous_13)","decl":{"start":{"line":271,"column":50},"end":{"line":271,"column":51}},"loc":{"start":{"line":271,"column":63},"end":{"line":271,"column":91}},"line":271},"14":{"name":"(anonymous_14)","decl":{"start":{"line":282,"column":39},"end":{"line":282,"column":40}},"loc":{"start":{"line":282,"column":55},"end":{"line":284,"column":3}},"line":282},"15":{"name":"(anonymous_15)","decl":{"start":{"line":283,"column":27},"end":{"line":283,"column":28}},"loc":{"start":{"line":283,"column":40},"end":{"line":283,"column":59}},"line":283},"16":{"name":"(anonymous_16)","decl":{"start":{"line":286,"column":40},"end":{"line":286,"column":41}},"loc":{"start":{"line":286,"column":46},"end":{"line":290,"column":3}},"line":286},"17":{"name":"(anonymous_17)","decl":{"start":{"line":292,"column":35},"end":{"line":292,"column":36}},"loc":{"start":{"line":292,"column":84},"end":{"line":342,"column":3}},"line":292},"18":{"name":"(anonymous_18)","decl":{"start":{"line":344,"column":17},"end":{"line":344,"column":18}},"loc":{"start":{"line":344,"column":24},"end":{"line":356,"column":3}},"line":344}},"branchMap":{"0":{"loc":{"start":{"line":6,"column":21},"end":{"line":6,"column":58}},"type":"binary-expr","locations":[{"start":{"line":6,"column":21},"end":{"line":6,"column":52}},{"start":{"line":6,"column":56},"end":{"line":6,"column":58}}],"line":6},"1":{"loc":{"start":{"line":14,"column":44},"end":{"line":14,"column":64}},"type":"default-arg","locations":[{"start":{"line":14,"column":59},"end":{"line":14,"column":64}}],"line":14},"2":{"loc":{"start":{"line":20,"column":6},"end":{"line":70,"column":7}},"type":"if","locations":[{"start":{"line":20,"column":6},"end":{"line":70,"column":7}},{"start":{"line":68,"column":13},"end":{"line":70,"column":7}}],"line":20},"3":{"loc":{"start":{"line":39,"column":10},"end":{"line":64,"column":11}},"type":"if","locations":[{"start":{"line":39,"column":10},"end":{"line":64,"column":11}},{"start":{"line":60,"column":17},"end":{"line":64,"column":11}}],"line":39},"4":{"loc":{"start":{"line":41,"column":64},"end":{"line":41,"column":89}},"type":"binary-expr","locations":[{"start":{"line":41,"column":64},"end":{"line":41,"column":84}},{"start":{"line":41,"column":88},"end":{"line":41,"column":89}}],"line":41},"5":{"loc":{"start":{"line":44,"column":12},"end":{"line":59,"column":13}},"type":"if","locations":[{"start":{"line":44,"column":12},"end":{"line":59,"column":13}},{"start":{},"end":{}}],"line":44},"6":{"loc":{"start":{"line":44,"column":16},"end":{"line":44,"column":75}},"type":"binary-expr","locations":[{"start":{"line":44,"column":16},"end":{"line":44,"column":28}},{"start":{"line":44,"column":32},"end":{"line":44,"column":44}},{"start":{"line":44,"column":48},"end":{"line":44,"column":75}}],"line":44},"7":{"loc":{"start":{"line":46,"column":16},"end":{"line":46,"column":106}},"type":"binary-expr","locations":[{"start":{"line":46,"column":16},"end":{"line":46,"column":20}},{"start":{"line":46,"column":24},"end":{"line":46,"column":48}},{"start":{"line":46,"column":52},"end":{"line":46,"column":59}},{"start":{"line":46,"column":63},"end":{"line":46,"column":72}},{"start":{"line":46,"column":76},"end":{"line":46,"column":106}}],"line":46},"8":{"loc":{"start":{"line":50,"column":14},"end":{"line":58,"column":15}},"type":"if","locations":[{"start":{"line":50,"column":14},"end":{"line":58,"column":15}},{"start":{"line":56,"column":21},"end":{"line":58,"column":15}}],"line":50},"9":{"loc":{"start":{"line":53,"column":71},"end":{"line":53,"column":122}},"type":"binary-expr","locations":[{"start":{"line":53,"column":71},"end":{"line":53,"column":97}},{"start":{"line":53,"column":101},"end":{"line":53,"column":122}}],"line":53},"10":{"loc":{"start":{"line":72,"column":6},"end":{"line":81,"column":7}},"type":"if","locations":[{"start":{"line":72,"column":6},"end":{"line":81,"column":7}},{"start":{},"end":{}}],"line":72},"11":{"loc":{"start":{"line":75,"column":8},"end":{"line":80,"column":9}},"type":"if","locations":[{"start":{"line":75,"column":8},"end":{"line":80,"column":9}},{"start":{},"end":{}}],"line":75},"12":{"loc":{"start":{"line":100,"column":6},"end":{"line":102,"column":7}},"type":"if","locations":[{"start":{"line":100,"column":6},"end":{"line":102,"column":7}},{"start":{},"end":{}}],"line":100},"13":{"loc":{"start":{"line":106,"column":6},"end":{"line":187,"column":7}},"type":"if","locations":[{"start":{"line":106,"column":6},"end":{"line":187,"column":7}},{"start":{"line":179,"column":13},"end":{"line":187,"column":7}}],"line":106},"14":{"loc":{"start":{"line":131,"column":10},"end":{"line":139,"column":11}},"type":"if","locations":[{"start":{"line":131,"column":10},"end":{"line":139,"column":11}},{"start":{},"end":{}}],"line":131},"15":{"loc":{"start":{"line":132,"column":12},"end":{"line":134,"column":13}},"type":"if","locations":[{"start":{"line":132,"column":12},"end":{"line":134,"column":13}},{"start":{},"end":{}}],"line":132},"16":{"loc":{"start":{"line":136,"column":12},"end":{"line":138,"column":13}},"type":"if","locations":[{"start":{"line":136,"column":12},"end":{"line":138,"column":13}},{"start":{},"end":{}}],"line":136},"17":{"loc":{"start":{"line":136,"column":16},"end":{"line":136,"column":119}},"type":"binary-expr","locations":[{"start":{"line":136,"column":16},"end":{"line":136,"column":62}},{"start":{"line":136,"column":66},"end":{"line":136,"column":119}}],"line":136},"18":{"loc":{"start":{"line":141,"column":46},"end":{"line":141,"column":110}},"type":"cond-expr","locations":[{"start":{"line":141,"column":76},"end":{"line":141,"column":94}},{"start":{"line":141,"column":97},"end":{"line":141,"column":110}}],"line":141},"19":{"loc":{"start":{"line":146,"column":8},"end":{"line":169,"column":9}},"type":"if","locations":[{"start":{"line":146,"column":8},"end":{"line":169,"column":9}},{"start":{},"end":{}}],"line":146},"20":{"loc":{"start":{"line":156,"column":10},"end":{"line":158,"column":11}},"type":"if","locations":[{"start":{"line":156,"column":10},"end":{"line":158,"column":11}},{"start":{},"end":{}}],"line":156},"21":{"loc":{"start":{"line":160,"column":10},"end":{"line":162,"column":11}},"type":"if","locations":[{"start":{"line":160,"column":10},"end":{"line":162,"column":11}},{"start":{},"end":{}}],"line":160},"22":{"loc":{"start":{"line":164,"column":10},"end":{"line":166,"column":11}},"type":"if","locations":[{"start":{"line":164,"column":10},"end":{"line":166,"column":11}},{"start":{},"end":{}}],"line":164},"23":{"loc":{"start":{"line":165,"column":63},"end":{"line":165,"column":115}},"type":"binary-expr","locations":[{"start":{"line":165,"column":63},"end":{"line":165,"column":78}},{"start":{"line":165,"column":82},"end":{"line":165,"column":115}}],"line":165},"24":{"loc":{"start":{"line":168,"column":26},"end":{"line":168,"column":86}},"type":"binary-expr","locations":[{"start":{"line":168,"column":26},"end":{"line":168,"column":41}},{"start":{"line":168,"column":45},"end":{"line":168,"column":86}}],"line":168},"25":{"loc":{"start":{"line":175,"column":63},"end":{"line":175,"column":114}},"type":"binary-expr","locations":[{"start":{"line":175,"column":63},"end":{"line":175,"column":89}},{"start":{"line":175,"column":93},"end":{"line":175,"column":114}}],"line":175},"26":{"loc":{"start":{"line":207,"column":8},"end":{"line":207,"column":75}},"type":"cond-expr","locations":[{"start":{"line":207,"column":47},"end":{"line":207,"column":63}},{"start":{"line":207,"column":66},"end":{"line":207,"column":75}}],"line":207},"27":{"loc":{"start":{"line":216,"column":6},"end":{"line":218,"column":7}},"type":"if","locations":[{"start":{"line":216,"column":6},"end":{"line":218,"column":7}},{"start":{},"end":{}}],"line":216},"28":{"loc":{"start":{"line":296,"column":6},"end":{"line":298,"column":7}},"type":"if","locations":[{"start":{"line":296,"column":6},"end":{"line":298,"column":7}},{"start":{},"end":{}}],"line":296},"29":{"loc":{"start":{"line":300,"column":6},"end":{"line":302,"column":7}},"type":"if","locations":[{"start":{"line":300,"column":6},"end":{"line":302,"column":7}},{"start":{},"end":{}}],"line":300},"30":{"loc":{"start":{"line":316,"column":6},"end":{"line":326,"column":7}},"type":"if","locations":[{"start":{"line":316,"column":6},"end":{"line":326,"column":7}},{"start":{},"end":{}}],"line":316},"31":{"loc":{"start":{"line":325,"column":24},"end":{"line":325,"column":84}},"type":"binary-expr","locations":[{"start":{"line":325,"column":24},"end":{"line":325,"column":39}},{"start":{"line":325,"column":43},"end":{"line":325,"column":84}}],"line":325},"32":{"loc":{"start":{"line":331,"column":6},"end":{"line":335,"column":7}},"type":"if","locations":[{"start":{"line":331,"column":6},"end":{"line":335,"column":7}},{"start":{},"end":{}}],"line":331},"33":{"loc":{"start":{"line":331,"column":10},"end":{"line":331,"column":38}},"type":"binary-expr","locations":[{"start":{"line":331,"column":10},"end":{"line":331,"column":22}},{"start":{"line":331,"column":26},"end":{"line":331,"column":38}}],"line":331},"34":{"loc":{"start":{"line":334,"column":63},"end":{"line":334,"column":114}},"type":"binary-expr","locations":[{"start":{"line":334,"column":63},"end":{"line":334,"column":89}},{"start":{"line":334,"column":93},"end":{"line":334,"column":114}}],"line":334}},"s":{"0":1,"1":1,"2":1,"3":4,"4":4,"5":4,"6":4,"7":2,"8":2,"9":2,"10":2,"11":2,"12":2,"13":2,"14":2,"15":2,"16":0,"17":2,"18":2,"19":2,"20":2,"21":2,"22":2,"23":2,"24":2,"25":4,"26":2,"27":2,"28":2,"29":2,"30":2,"31":2,"32":2,"33":0,"34":0,"35":0,"36":0,"37":0,"38":0,"39":0,"40":0,"41":0,"42":0,"43":0,"44":0,"45":0,"46":0,"47":0,"48":0,"49":0,"50":0,"51":0,"52":0,"53":2,"54":4,"55":0,"56":0,"57":0,"58":0,"59":0,"60":0,"61":0,"62":0,"63":0,"64":0,"65":0,"66":0,"67":0,"68":0,"69":0,"70":0,"71":0,"72":0,"73":0,"74":0,"75":0,"76":0,"77":0,"78":0,"79":0,"80":0,"81":0,"82":0,"83":0,"84":0,"85":0,"86":0,"87":0,"88":0,"89":0,"90":0,"91":0,"92":0,"93":0,"94":0,"95":0,"96":0,"97":0,"98":0,"99":0,"100":0,"101":0,"102":0,"103":0,"104":4,"105":1,"106":4,"107":0,"108":0,"109":0,"110":0,"111":0,"112":0,"113":0,"114":0,"115":0,"116":0,"117":0,"118":0,"119":0,"120":0,"121":4,"122":0,"123":0,"124":0,"125":0,"126":0,"127":0,"128":0,"129":0,"130":4,"131":0,"132":0,"133":0,"134":0,"135":0,"136":0,"137":0,"138":0,"139":4,"140":0,"141":0,"142":0,"143":0,"144":0,"145":0,"146":0,"147":4,"148":0,"149":0,"150":0,"151":0,"152":0,"153":0,"154":0,"155":0,"156":4,"157":0,"158":0,"159":4,"160":1,"161":1,"162":1,"163":4,"164":0,"165":0,"166":0,"167":0,"168":0,"169":0,"170":0,"171":0,"172":0,"173":0,"174":0,"175":0,"176":0,"177":0,"178":0,"179":0,"180":0,"181":0,"182":0,"183":0,"184":0,"185":0,"186":0,"187":0,"188":0,"189":4,"190":4},"f":{"0":4,"1":2,"2":0,"3":4,"4":0,"5":0,"6":1,"7":0,"8":0,"9":0,"10":0,"11":0,"12":0,"13":0,"14":0,"15":0,"16":1,"17":0,"18":4},"b":{"0":[1,0],"1":[1],"2":[2,0],"3":[2,0],"4":[2,0],"5":[2,0],"6":[2,2,2],"7":[4,4,4,4,4],"8":[2,0],"9":[2,0],"10":[0,0],"11":[0,0],"12":[0,0],"13":[0,0],"14":[0,0],"15":[0,0],"16":[0,0],"17":[0,0],"18":[0,0],"19":[0,0],"20":[0,0],"21":[0,0],"22":[0,0],"23":[0,0],"24":[0,0],"25":[0,0],"26":[0,0],"27":[0,0],"28":[0,0],"29":[0,0],"30":[0,0],"31":[0,0],"32":[0,0],"33":[0,0],"34":[0,0]},"_coverageSchema":"1a1c01bbd47fc00a2c39e90264f33305004495a9","hash":"e646d043b1fb9e2b75a9d582792a3723c54b37b2"}
}
