TN:
SF:api\orders\list.js
FN:5,handler
FN:47,(anonymous_1)
FN:56,(anonymous_2)
FN:57,(anonymous_3)
FN:64,(anonymous_4)
FN:67,(anonymous_5)
FNF:6
FNH:6
FNDA:4,handler
FNDA:2,(anonymous_1)
FNDA:2,(anonymous_2)
FNDA:2,(anonymous_3)
FNDA:2,(anonymous_4)
FNDA:1,(anonymous_5)
DA:6,4
DA:8,4
DA:10,4
DA:11,1
DA:15,3
DA:16,3
DA:18,2
DA:19,2
DA:20,0
DA:24,2
DA:28,2
DA:30,2
DA:32,2
DA:33,1
DA:44,1
DA:47,2
DA:50,1
DA:52,1
DA:55,1
DA:56,2
DA:58,2
DA:59,2
DA:61,0
DA:64,2
DA:67,1
DA:69,1
DA:72,0
DA:73,0
LF:28
LH:24
BRDA:8,0,0,0
BRDA:8,0,1,4
BRDA:10,1,0,1
BRDA:10,1,1,3
BRDA:16,2,0,1
BRDA:16,2,1,2
BRDA:19,3,0,0
BRDA:19,3,1,2
BRDA:19,4,0,2
BRDA:19,4,1,2
BRDA:28,5,0,0
BRDA:28,5,1,2
BRDA:32,6,0,1
BRDA:32,6,1,1
BRDA:32,7,0,2
BRDA:32,7,1,2
BRDA:50,8,0,0
BRDA:50,8,1,1
BRDA:59,9,0,0
BRDA:59,9,1,2
BRDA:76,10,0,0
BRDA:76,10,1,0
BRF:22
BRH:15
end_of_record
TN:
SF:components\WallpaperCard.tsx
FN:12,(anonymous_0)
FN:16,(anonymous_1)
FNF:2
FNH:2
FNDA:2,(anonymous_0)
FNDA:1,(anonymous_1)
DA:12,1
DA:13,2
DA:16,1
DA:35,1
LF:4
LH:4
BRDA:20,0,0,2
BRDA:20,0,1,2
BRF:2
BRH:2
end_of_record
TN:
SF:constants\colors.ts
FNF:0
FNH:0
DA:1,1
DA:2,1
DA:3,1
DA:4,1
DA:5,1
LF:5
LH:5
BRF:0
BRH:0
end_of_record
TN:
SF:constants\wallpapers.ts
FN:282,getCategoriesFromWallpapers
FN:284,(anonymous_1)
FN:292,getStylesFromWallpapers
FN:294,(anonymous_3)
FN:302,getColorsFromWallpapers
FN:304,(anonymous_5)
FN:306,(anonymous_6)
FNF:7
FNH:0
FNDA:0,getCategoriesFromWallpapers
FNDA:0,(anonymous_1)
FNDA:0,getStylesFromWallpapers
FNDA:0,(anonymous_3)
FNDA:0,getColorsFromWallpapers
FNDA:0,(anonymous_5)
FNDA:0,(anonymous_6)
DA:29,1
DA:283,0
DA:284,0
DA:285,0
DA:286,0
DA:289,0
DA:293,0
DA:294,0
DA:295,0
DA:296,0
DA:299,0
DA:303,0
DA:304,0
DA:305,0
DA:306,0
DA:309,0
DA:312,1
DA:321,1
DA:329,1
LF:19
LH:4
BRDA:285,0,0,0
BRDA:285,0,1,0
BRDA:295,1,0,0
BRDA:295,1,1,0
BRDA:305,2,0,0
BRDA:305,2,1,0
BRDA:305,3,0,0
BRDA:305,3,1,0
BRF:8
BRH:0
end_of_record
TN:
SF:contexts\AuthContext.tsx
FN:32,getApiBaseUrl
FN:45,getAuthHeaders
FN:52,(anonymous_2)
FN:56,(anonymous_3)
FN:76,(anonymous_4)
FN:91,(anonymous_5)
FN:102,(anonymous_6)
FN:106,(anonymous_7)
FN:144,(anonymous_8)
FN:184,(anonymous_9)
FN:239,(anonymous_10)
FN:254,(anonymous_11)
FN:278,(anonymous_12)
FN:329,(anonymous_13)
FN:345,(anonymous_14)
FNF:15
FNH:6
FNDA:1,getApiBaseUrl
FNDA:0,getAuthHeaders
FNDA:0,(anonymous_2)
FNDA:0,(anonymous_3)
FNDA:0,(anonymous_4)
FNDA:4,(anonymous_5)
FNDA:1,(anonymous_6)
FNDA:1,(anonymous_7)
FNDA:0,(anonymous_8)
FNDA:0,(anonymous_9)
FNDA:0,(anonymous_10)
FNDA:0,(anonymous_11)
FNDA:1,(anonymous_12)
FNDA:0,(anonymous_13)
FNDA:1,(anonymous_14)
DA:29,1
DA:30,1
DA:33,1
DA:34,1
DA:35,1
DA:38,0
DA:39,0
DA:42,0
DA:46,0
DA:52,1
DA:53,0
DA:56,1
DA:57,0
DA:58,0
DA:59,0
DA:61,0
DA:62,0
DA:64,0
DA:75,0
DA:76,0
DA:77,0
DA:78,0
DA:81,0
DA:82,0
DA:83,0
DA:85,0
DA:86,0
DA:87,0
DA:91,1
DA:92,4
DA:100,4
DA:102,4
DA:103,1
DA:106,4
DA:107,1
DA:108,1
DA:113,1
DA:114,0
DA:115,0
DA:116,0
DA:124,1
DA:133,0
DA:134,0
DA:144,4
DA:145,0
DA:146,0
DA:148,0
DA:149,0
DA:150,0
DA:152,0
DA:160,0
DA:162,0
DA:163,0
DA:164,0
DA:165,0
DA:167,0
DA:168,0
DA:169,0
DA:175,0
DA:176,0
DA:177,0
DA:184,4
DA:185,0
DA:186,0
DA:187,0
DA:190,0
DA:191,0
DA:192,0
DA:195,0
DA:196,0
DA:199,0
DA:200,0
DA:201,0
DA:202,0
DA:203,0
DA:215,0
DA:217,0
DA:218,0
DA:219,0
DA:221,0
DA:222,0
DA:223,0
DA:225,0
DA:232,0
DA:233,0
DA:235,0
DA:236,0
DA:239,0
DA:240,0
DA:241,0
DA:244,0
DA:245,0
DA:246,0
DA:249,0
DA:250,0
DA:254,4
DA:255,0
DA:256,0
DA:257,0
DA:260,0
DA:261,0
DA:263,0
DA:269,0
DA:271,0
DA:273,0
DA:274,0
DA:278,4
DA:279,1
DA:280,1
DA:282,1
DA:283,1
DA:284,1
DA:285,1
DA:286,1
DA:287,1
DA:295,1
DA:296,1
DA:298,1
DA:299,1
DA:300,0
DA:301,0
DA:302,0
DA:308,1
DA:309,1
DA:310,1
DA:312,1
DA:313,1
DA:314,1
DA:316,1
DA:323,1
DA:325,0
DA:326,0
DA:329,0
DA:330,0
DA:331,0
DA:334,0
DA:335,0
DA:336,0
DA:339,0
DA:340,0
DA:341,0
DA:345,4
DA:346,1
DA:347,1
DA:348,1
DA:350,1
DA:352,1
DA:353,1
DA:360,1
DA:362,0
DA:363,0
DA:367,4
LF:152
LH:50
BRDA:33,0,0,1
BRDA:33,0,1,0
BRDA:35,1,0,0
BRDA:35,1,1,1
BRDA:38,2,0,0
BRDA:38,2,1,0
BRDA:38,3,0,0
BRDA:38,3,1,0
BRDA:48,4,0,0
BRDA:48,4,1,0
BRDA:75,5,0,0
BRDA:75,5,1,0
BRDA:78,6,0,0
BRDA:78,6,1,0
BRDA:113,7,0,0
BRDA:113,7,1,1
BRDA:113,8,0,1
BRDA:113,8,1,0
BRDA:121,9,0,0
BRDA:121,9,1,0
BRDA:168,10,0,0
BRDA:168,10,1,0
BRDA:176,11,0,0
BRDA:176,11,1,0
BRDA:186,12,0,0
BRDA:186,12,1,0
BRDA:190,13,0,0
BRDA:190,13,1,0
BRDA:195,14,0,0
BRDA:195,14,1,0
BRDA:217,15,0,0
BRDA:217,15,1,0
BRDA:221,16,0,0
BRDA:221,16,1,0
BRDA:221,17,0,0
BRDA:221,17,1,0
BRDA:221,17,2,0
BRDA:230,18,0,0
BRDA:230,18,1,0
BRDA:236,19,0,0
BRDA:236,19,1,0
BRDA:241,20,0,0
BRDA:241,20,1,0
BRDA:245,21,0,0
BRDA:245,21,1,0
BRDA:256,22,0,0
BRDA:256,22,1,0
BRDA:299,23,0,0
BRDA:299,23,1,1
BRDA:299,24,0,1
BRDA:299,24,1,1
BRDA:308,25,0,1
BRDA:308,25,1,0
BRDA:312,26,0,1
BRDA:312,26,1,0
BRDA:312,27,0,1
BRDA:312,27,1,1
BRDA:312,27,2,1
BRDA:321,28,0,1
BRDA:321,28,1,1
BRDA:323,29,0,1
BRDA:323,29,1,1
BRDA:326,30,0,0
BRDA:326,30,1,0
BRDA:331,31,0,0
BRDA:331,31,1,0
BRDA:335,32,0,0
BRDA:335,32,1,0
BRDA:340,33,0,0
BRDA:340,33,1,0
BRF:70
BRH:16
end_of_record
TN:
SF:contexts\CartContext.tsx
FN:17,(anonymous_0)
FN:21,(anonymous_1)
FN:29,(anonymous_2)
FN:43,(anonymous_3)
FN:48,(anonymous_4)
FN:54,(anonymous_5)
FN:55,(anonymous_6)
FN:56,(anonymous_7)
FN:60,(anonymous_8)
FN:85,(anonymous_9)
FN:86,(anonymous_10)
FN:87,(anonymous_11)
FN:100,(anonymous_12)
FN:104,(anonymous_13)
FN:105,(anonymous_14)
FN:105,(anonymous_15)
FN:108,(anonymous_16)
FN:112,(anonymous_17)
FN:113,(anonymous_18)
FN:116,(anonymous_19)
FN:117,(anonymous_20)
FN:120,(anonymous_21)
FN:121,(anonymous_22)
FN:124,(anonymous_23)
FNF:24
FNH:14
FNDA:6,(anonymous_0)
FNDA:5,(anonymous_1)
FNDA:1,(anonymous_2)
FNDA:1,(anonymous_3)
FNDA:6,(anonymous_4)
FNDA:2,(anonymous_5)
FNDA:2,(anonymous_6)
FNDA:0,(anonymous_7)
FNDA:0,(anonymous_8)
FNDA:0,(anonymous_9)
FNDA:0,(anonymous_10)
FNDA:0,(anonymous_11)
FNDA:0,(anonymous_12)
FNDA:1,(anonymous_13)
FNDA:1,(anonymous_14)
FNDA:1,(anonymous_15)
FNDA:1,(anonymous_16)
FNDA:5,(anonymous_17)
FNDA:2,(anonymous_18)
FNDA:0,(anonymous_19)
FNDA:0,(anonymous_20)
FNDA:0,(anonymous_21)
FNDA:0,(anonymous_22)
FNDA:6,(anonymous_23)
DA:15,1
DA:17,1
DA:18,6
DA:19,6
DA:21,6
DA:22,5
DA:23,5
DA:25,0
DA:29,6
DA:30,1
DA:31,1
DA:32,1
DA:33,0
DA:36,0
DA:38,1
DA:43,6
DA:44,1
DA:48,6
DA:49,6
DA:50,5
DA:54,6
DA:55,2
DA:56,2
DA:58,2
DA:60,0
DA:61,0
DA:72,2
DA:80,2
DA:85,6
DA:86,0
DA:87,0
DA:88,0
DA:89,0
DA:90,0
DA:91,0
DA:92,0
DA:99,0
DA:100,0
DA:104,6
DA:105,1
DA:108,6
DA:109,1
DA:112,6
DA:113,5
DA:116,6
DA:117,0
DA:120,6
DA:121,0
DA:124,6
LF:49
LH:33
BRDA:32,0,0,0
BRDA:32,0,1,1
BRDA:49,1,0,5
BRDA:49,1,1,1
BRDA:54,2,0,2
BRDA:54,3,0,2
BRDA:54,4,0,2
BRDA:58,5,0,0
BRDA:58,5,1,2
BRDA:61,6,0,0
BRDA:61,6,1,0
BRDA:88,7,0,0
BRDA:88,7,1,0
BRF:13
BRH:7
end_of_record
TN:
SF:contexts\WallpapersContext.tsx
FN:9,(anonymous_0)
FN:14,(anonymous_1)
FN:25,(anonymous_2)
FN:45,(anonymous_3)
FN:96,(anonymous_4)
FN:111,(anonymous_5)
FN:196,(anonymous_6)
FN:200,(anonymous_7)
FN:206,(anonymous_8)
FN:223,(anonymous_9)
FN:239,(anonymous_10)
FN:255,(anonymous_11)
FN:269,(anonymous_12)
FN:271,(anonymous_13)
FN:282,(anonymous_14)
FN:283,(anonymous_15)
FN:286,(anonymous_16)
FN:292,(anonymous_17)
FN:344,(anonymous_18)
FNF:19
FNH:6
FNDA:4,(anonymous_0)
FNDA:2,(anonymous_1)
FNDA:0,(anonymous_2)
FNDA:4,(anonymous_3)
FNDA:0,(anonymous_4)
FNDA:0,(anonymous_5)
FNDA:1,(anonymous_6)
FNDA:0,(anonymous_7)
FNDA:0,(anonymous_8)
FNDA:0,(anonymous_9)
FNDA:0,(anonymous_10)
FNDA:0,(anonymous_11)
FNDA:0,(anonymous_12)
FNDA:0,(anonymous_13)
FNDA:0,(anonymous_14)
FNDA:0,(anonymous_15)
FNDA:1,(anonymous_16)
FNDA:0,(anonymous_17)
FNDA:4,(anonymous_18)
DA:6,1
DA:7,1
DA:9,1
DA:10,4
DA:11,4
DA:12,4
DA:14,4
DA:15,2
DA:16,2
DA:17,2
DA:18,2
DA:20,2
DA:21,2
DA:22,2
DA:24,2
DA:25,2
DA:27,2
DA:37,2
DA:39,2
DA:40,2
DA:41,2
DA:42,2
DA:44,2
DA:45,2
DA:46,4
DA:48,2
DA:50,2
DA:51,2
DA:52,2
DA:53,2
DA:54,2
DA:55,2
DA:57,0
DA:61,0
DA:62,0
DA:63,0
DA:66,0
DA:69,0
DA:72,0
DA:73,0
DA:74,0
DA:75,0
DA:76,0
DA:77,0
DA:78,0
DA:79,0
DA:83,0
DA:84,0
DA:85,0
DA:88,0
DA:89,0
DA:90,0
DA:92,2
DA:96,4
DA:97,0
DA:98,0
DA:100,0
DA:101,0
DA:104,0
DA:106,0
DA:107,0
DA:108,0
DA:110,0
DA:111,0
DA:114,0
DA:115,0
DA:128,0
DA:129,0
DA:131,0
DA:132,0
DA:133,0
DA:136,0
DA:137,0
DA:141,0
DA:144,0
DA:146,0
DA:147,0
DA:148,0
DA:150,0
DA:151,0
DA:153,0
DA:156,0
DA:157,0
DA:160,0
DA:161,0
DA:164,0
DA:165,0
DA:168,0
DA:171,0
DA:172,0
DA:174,0
DA:175,0
DA:176,0
DA:178,0
DA:180,0
DA:182,0
DA:183,0
DA:184,0
DA:186,0
DA:189,0
DA:191,0
DA:192,0
DA:196,4
DA:197,1
DA:200,4
DA:201,0
DA:202,0
DA:203,0
DA:204,0
DA:206,0
DA:207,0
DA:210,0
DA:211,0
DA:212,0
DA:213,0
DA:215,0
DA:216,0
DA:217,0
DA:219,0
DA:223,4
DA:224,0
DA:225,0
DA:227,0
DA:229,0
DA:230,0
DA:232,0
DA:234,0
DA:235,0
DA:239,4
DA:240,0
DA:241,0
DA:243,0
DA:245,0
DA:246,0
DA:248,0
DA:250,0
DA:251,0
DA:255,4
DA:256,0
DA:257,0
DA:259,0
DA:260,0
DA:262,0
DA:264,0
DA:265,0
DA:269,4
DA:270,0
DA:271,0
DA:273,0
DA:274,0
DA:275,0
DA:277,0
DA:278,0
DA:282,4
DA:283,0
DA:286,4
DA:287,1
DA:288,1
DA:289,1
DA:292,4
DA:293,0
DA:294,0
DA:296,0
DA:297,0
DA:300,0
DA:301,0
DA:304,0
DA:305,0
DA:307,0
DA:316,0
DA:317,0
DA:318,0
DA:320,0
DA:321,0
DA:323,0
DA:325,0
DA:328,0
DA:329,0
DA:331,0
DA:332,0
DA:333,0
DA:334,0
DA:337,0
DA:339,0
DA:340,0
DA:344,4
LF:186
LH:48
BRDA:6,0,0,1
BRDA:6,0,1,0
BRDA:14,1,0,1
BRDA:20,2,0,2
BRDA:20,2,1,0
BRDA:39,3,0,2
BRDA:39,3,1,0
BRDA:41,4,0,2
BRDA:41,4,1,0
BRDA:44,5,0,2
BRDA:44,5,1,0
BRDA:44,6,0,2
BRDA:44,6,1,2
BRDA:44,6,2,2
BRDA:46,7,0,4
BRDA:46,7,1,4
BRDA:46,7,2,4
BRDA:46,7,3,4
BRDA:46,7,4,4
BRDA:50,8,0,2
BRDA:50,8,1,0
BRDA:53,9,0,2
BRDA:53,9,1,0
BRDA:72,10,0,0
BRDA:72,10,1,0
BRDA:75,11,0,0
BRDA:75,11,1,0
BRDA:100,12,0,0
BRDA:100,12,1,0
BRDA:106,13,0,0
BRDA:106,13,1,0
BRDA:131,14,0,0
BRDA:131,14,1,0
BRDA:132,15,0,0
BRDA:132,15,1,0
BRDA:136,16,0,0
BRDA:136,16,1,0
BRDA:136,17,0,0
BRDA:136,17,1,0
BRDA:141,18,0,0
BRDA:141,18,1,0
BRDA:146,19,0,0
BRDA:146,19,1,0
BRDA:156,20,0,0
BRDA:156,20,1,0
BRDA:160,21,0,0
BRDA:160,21,1,0
BRDA:164,22,0,0
BRDA:164,22,1,0
BRDA:165,23,0,0
BRDA:165,23,1,0
BRDA:168,24,0,0
BRDA:168,24,1,0
BRDA:175,25,0,0
BRDA:175,25,1,0
BRDA:207,26,0,0
BRDA:207,26,1,0
BRDA:216,27,0,0
BRDA:216,27,1,0
BRDA:296,28,0,0
BRDA:296,28,1,0
BRDA:300,29,0,0
BRDA:300,29,1,0
BRDA:316,30,0,0
BRDA:316,30,1,0
BRDA:325,31,0,0
BRDA:325,31,1,0
BRDA:331,32,0,0
BRDA:331,32,1,0
BRDA:331,33,0,0
BRDA:331,33,1,0
BRDA:334,34,0,0
BRDA:334,34,1,0
BRF:73
BRH:16
end_of_record
